2025-12-10 20:11:47 - Request received
Array
(
    [MIBDIRS] => C:/xampp/php/extras/mibs
    [MYSQL_HOME] => \xampp\mysql\bin
    [OPENSSL_CONF] => C:/xampp/apache/bin/openssl.cnf
    [PHP_PEAR_SYSCONF_DIR] => \xampp\php
    [PHPRC] => \xampp\php
    [TMP] => \xampp\tmp
    [CONTENT_TYPE] => application/x-www-form-urlencoded
    [CONTENT_LENGTH] => 44
    [HTTP_HOST] => 10.0.2.2
    [HTTP_CONNECTION] => Keep-Alive
    [HTTP_ACCEPT_ENCODING] => gzip
    [HTTP_USER_AGENT] => okhttp/4.10.0
    [PATH] => C:\Program Files\NVIDIA\CUDNN\v9.5\bin;C:\Program Files\NVIDIA GPU Computing Toolkit\CUDA\v12.1\bin;C:\Program Files\NVIDIA GPU Computing Toolkit\CUDA\v12.1\libnvvp;C:\Program Files\Microsoft MPI\Bin\;C:\Program Files\Microsoft\jdk-11.0.16.101-hotspot\bin;C:\Program Files\dotnet\;C:\ProgramData\Oracle\Java\javapath;C:\Windows\system32;C:\Windows;C:\Windows\System32\Wbem;C:\Windows\System32\WindowsPowerShell\v1.0\;C:\Windows\System32\OpenSSH\;C:\Program Files\NVIDIA Corporation\NVIDIA NvDLISR;C:\Program Files (x86)\NVIDIA Corporation\PhysX\Common;C:\Program Files\Microsoft SQL Server\Client SDK\ODBC\170\Tools\Binn\;C:\Users\dead inside\Documents\is lab 7\bin;C:\Users\dead inside\Downloads\apache-maven-3.9.11-bin\bin;C:\Program Files\NVIDIA Corporation\Nsight Compute 2023.1.1\;C:\Program Files\Git\cmd;D:\nodejs\;C:\Program Files\Docker\Docker\resources\bin;C:\Users\dead inside\.cargo\bin;C:\Users\dead inside\AppData\Local\Programs\Python\Python38\Scripts\;C:\Users\dead inside\AppData\Local\Programs\Python\Python38\;C:\Users\dead inside\AppData\Local\Programs\Python\Python38-32\Scripts\;C:\Users\dead inside\AppData\Local\Programs\Python\Python38-32\;C:\Users\dead inside\AppData\Local\Programs\Python\Python312\Scripts\;C:\Users\dead inside\AppData\Local\Programs\Python\Python312\;C:\Users\dead inside\AppData\Local\Microsoft\WindowsApps;C:\Users\dead inside\.dotnet\tools;C:\Program Files\Azure Data Studio\bin;D:\vs code\Microsoft VS Code\bin;C:\Users\dead inside\.dotnet\tools;C:\Users\dead inside\AppData\Local\Android\Sdk\platform-tools;C:\Users\dead inside\AppData\Local\Android\Sdk\tools;C:\Users\dead inside\AppData\Local\Android\Sdk\tools\bin;C:\Users\dead inside\AppData\Local\Android\Sdk\emulator;C:\Users\dead inside\Downloads\apache-maven-3.9.11-bin\bin;C:\Users\dead inside\AppData\Roaming\npm
    [SystemRoot] => C:\Windows
    [COMSPEC] => C:\Windows\system32\cmd.exe
    [PATHEXT] => .COM;.EXE;.BAT;.CMD;.VBS;.VBE;.JS;.JSE;.WSF;.WSH;.MSC
    [WINDIR] => C:\Windows
    [SERVER_SIGNATURE] => <address>Apache/2.4.58 (Win64) OpenSSL/3.1.3 PHP/8.2.12 Server at 10.0.2.2 Port 80</address>

    [SERVER_SOFTWARE] => Apache/2.4.58 (Win64) OpenSSL/3.1.3 PHP/8.2.12
    [SERVER_NAME] => 10.0.2.2
    [SERVER_ADDR] => 127.0.0.1
    [SERVER_PORT] => 80
    [REMOTE_ADDR] => 127.0.0.1
    [DOCUMENT_ROOT] => C:/xampp/htdocs
    [REQUEST_SCHEME] => http
    [CONTEXT_PREFIX] => 
    [CONTEXT_DOCUMENT_ROOT] => C:/xampp/htdocs
    [SERVER_ADMIN] => postmaster@localhost
    [SCRIPT_FILENAME] => C:/xampp/htdocs/taskmanager_api/api/update_task_status.php
    [REMOTE_PORT] => 64444
    [GATEWAY_INTERFACE] => CGI/1.1
    [SERVER_PROTOCOL] => HTTP/1.1
    [REQUEST_METHOD] => POST
    [QUERY_STRING] => 
    [REQUEST_URI] => /taskmanager_api/api/update_task_status.php
    [SCRIPT_NAME] => /taskmanager_api/api/update_task_status.php
    [PHP_SELF] => /taskmanager_api/api/update_task_status.php
    [REQUEST_TIME_FLOAT] => 1765393907.6683
    [REQUEST_TIME] => 1765393907
)

Request body: task_id=2&status=completed&is_completed=true

2025-12-10 20:11:47 - Database connected
2025-12-10 20:11:47 - Parsed data: Array
(
    [task_id] => 2
    [status] => completed
    [is_completed] => true
)

Task ID: 2, Status: completed, Is Completed: true
Task exists check: 1 tasks found
Rows affected: 1
