[10-Dec-2025 20:51:13 Europe/Berlin] === TASKS.PHP START ===
[10-Dec-2025 20:51:13 Europe/Berlin] === TASKS.PHP START ===
[10-Dec-2025 20:51:13 Europe/Berlin] Time: 2025-12-10 20:51:13
[10-Dec-2025 20:51:13 Europe/Berlin] Time: 2025-12-10 20:51:13
[10-Dec-2025 20:51:13 Europe/Berlin] GET: Array
(
    [user_id] => 0
)

[10-Dec-2025 20:51:13 Europe/Berlin] GET: Array
(
    [user_id] => 0
)

[10-Dec-2025 20:51:13 Europe/Berlin] SERVER: Array
(
    [MIBDIRS] => C:/xampp/php/extras/mibs
    [MYSQL_HOME] => \xampp\mysql\bin
    [OPENSSL_CONF] => C:/xampp/apache/bin/openssl.cnf
    [PHP_PEAR_SYSCONF_DIR] => \xampp\php
    [PHPRC] => \xampp\php
    [TMP] => \xampp\tmp
    [HTTP_HOST] => 10.0.2.2
    [HTTP_CONNECTION] => Keep-Alive
    [HTTP_ACCEPT_ENCODING] => gzip
    [HTTP_USER_AGENT] => okhttp/4.10.0
    [PATH] => C:\Program Files\NVIDIA\CUDNN\v9.5\bin;C:\Program Files\NVIDIA GPU Computing Toolkit\CUDA\v12.1\bin;C:\Program Files\NVIDIA GPU Computing Toolkit\CUDA\v12.1\libnvvp;C:\Program Files\Microsoft MPI\Bin\;C:\Program Files\Microsoft\jdk-11.0.16.101-hotspot\bin;C:\Program Files\dotnet\;C:\ProgramData\Oracle\Java\javapath;C:\Windows\system32;C:\Windows;C:\Windows\System32\Wbem;C:\Windows\System32\WindowsPowerShell\v1.0\;C:\Windows\System32\OpenSSH\;C:\Program Files\NVIDIA Corporation\NVIDIA NvDLISR;C:\Program Files (x86)\NVIDIA Corporation\PhysX\Common;C:\Program Files\Microsoft SQL Server\Client SDK\ODBC\170\Tools\Binn\;C:\Users\dead inside\Documents\is lab 7\bin;C:\Users\dead inside\Downloads\apache-maven-3.9.11-bin\bin;C:\Program Files\NVIDIA Corporation\Nsight Compute 2023.1.1\;C:\Program Files\Git\cmd;D:\nodejs\;C:\Program Files\Docker\Docker\resources\bin;C:\Users\dead inside\.cargo\bin;C:\Users\dead inside\AppData\Local\Programs\Python\Python38\Scripts\;C:\Users\dead inside\AppData\Local\Programs\Python\Python38\;C:\Users\dead inside\AppData\Local\Programs\Python\Python38-32\Scripts\;C:\Users\dead inside\AppData\Local\Programs\Python\Python38-32\;C:\Users\dead inside\AppData\Local\Programs\Python\Python312\Scripts\;C:\Users\dead inside\AppData\Local\Programs\Python\Python312\;C:\Users\dead inside\AppData\Local\Microsoft\WindowsApps;C:\Users\dead inside\.dotnet\tools;C:\Program Files\Azure Data Studio\bin;D:\vs code\Microsoft VS Code\bin;C:\Users\dead inside\.dotnet\tools;C:\Users\dead inside\AppData\Local\Android\Sdk\platform-tools;C:\Users\dead inside\AppData\Local\Android\Sdk\tools;C:\Users\dead inside\AppData\Local\Android\Sdk\tools\bin;C:\Users\dead inside\AppData\Local\Android\Sdk\emulator;C:\Users\dead inside\Downloads\apache-maven-3.9.11-bin\bin;C:\Users\dead inside\AppData\Roaming\npm
    [SystemRoot] => C:\Windows
    [COMSPEC] => C:\Windows\system32\cmd.exe
    [PATHEXT] => .COM;.EXE;.BAT;.CMD;.VBS;.VBE;.JS;.JSE;.WSF;.WSH;.MSC
    [WINDIR] => C:\Windows
    [SERVER_SIGNATURE] => <address>Apache/2.4.58 (Win64) OpenSSL/3.1.3 PHP/8.2.12 Server at 10.0.2.2 Port 80</address>

    [SERVER_SOFTWARE] => Apache/2.4.58 (Win64) OpenSSL/3.1.3 PHP/8.2.12
    [SERVER_NAME] => 10.0.2.2
    [SERVER_ADDR] => 127.0.0.1
    [SERVER_PORT] => 80
    [REMOTE_ADDR] => 127.0.0.1
    [DOCUMENT_ROOT] => C:/xampp/htdocs
    [REQUEST_SCHEME] => http
    [CONTEXT_PREFIX] => 
    [CONTEXT_DOCUMENT_ROOT] => C:/xampp/htdocs
    [SERVER_ADMIN] => postmaster@localhost
    [SCRIPT_FILENAME] => C:/xampp/htdocs/taskmanager_api/api/tasks.php
    [REMOTE_PORT] => 49332
    [GATEWAY_INTERFACE] => CGI/1.1
    [SERVER_PROTOCOL] => HTTP/1.1
    [REQUEST_METHOD] => GET
    [QUERY_STRING] => user_id=0
    [REQUEST_URI] => /taskmanager_api/api/tasks.php?user_id=0
    [SCRIPT_NAME] => /taskmanager_api/api/tasks.php
    [PHP_SELF] => /taskmanager_api/api/tasks.php
    [REQUEST_TIME_FLOAT] => 1765396273.3317
    [REQUEST_TIME] => 1765396273
)

[10-Dec-2025 20:51:13 Europe/Berlin] SERVER: Array
(
    [MIBDIRS] => C:/xampp/php/extras/mibs
    [MYSQL_HOME] => \xampp\mysql\bin
    [OPENSSL_CONF] => C:/xampp/apache/bin/openssl.cnf
    [PHP_PEAR_SYSCONF_DIR] => \xampp\php
    [PHPRC] => \xampp\php
    [TMP] => \xampp\tmp
    [HTTP_HOST] => 10.0.2.2
    [HTTP_CONNECTION] => Keep-Alive
    [HTTP_ACCEPT_ENCODING] => gzip
    [HTTP_USER_AGENT] => okhttp/4.10.0
    [PATH] => C:\Program Files\NVIDIA\CUDNN\v9.5\bin;C:\Program Files\NVIDIA GPU Computing Toolkit\CUDA\v12.1\bin;C:\Program Files\NVIDIA GPU Computing Toolkit\CUDA\v12.1\libnvvp;C:\Program Files\Microsoft MPI\Bin\;C:\Program Files\Microsoft\jdk-11.0.16.101-hotspot\bin;C:\Program Files\dotnet\;C:\ProgramData\Oracle\Java\javapath;C:\Windows\system32;C:\Windows;C:\Windows\System32\Wbem;C:\Windows\System32\WindowsPowerShell\v1.0\;C:\Windows\System32\OpenSSH\;C:\Program Files\NVIDIA Corporation\NVIDIA NvDLISR;C:\Program Files (x86)\NVIDIA Corporation\PhysX\Common;C:\Program Files\Microsoft SQL Server\Client SDK\ODBC\170\Tools\Binn\;C:\Users\dead inside\Documents\is lab 7\bin;C:\Users\dead inside\Downloads\apache-maven-3.9.11-bin\bin;C:\Program Files\NVIDIA Corporation\Nsight Compute 2023.1.1\;C:\Program Files\Git\cmd;D:\nodejs\;C:\Program Files\Docker\Docker\resources\bin;C:\Users\dead inside\.cargo\bin;C:\Users\dead inside\AppData\Local\Programs\Python\Python38\Scripts\;C:\Users\dead inside\AppData\Local\Programs\Python\Python38\;C:\Users\dead inside\AppData\Local\Programs\Python\Python38-32\Scripts\;C:\Users\dead inside\AppData\Local\Programs\Python\Python38-32\;C:\Users\dead inside\AppData\Local\Programs\Python\Python312\Scripts\;C:\Users\dead inside\AppData\Local\Programs\Python\Python312\;C:\Users\dead inside\AppData\Local\Microsoft\WindowsApps;C:\Users\dead inside\.dotnet\tools;C:\Program Files\Azure Data Studio\bin;D:\vs code\Microsoft VS Code\bin;C:\Users\dead inside\.dotnet\tools;C:\Users\dead inside\AppData\Local\Android\Sdk\platform-tools;C:\Users\dead inside\AppData\Local\Android\Sdk\tools;C:\Users\dead inside\AppData\Local\Android\Sdk\tools\bin;C:\Users\dead inside\AppData\Local\Android\Sdk\emulator;C:\Users\dead inside\Downloads\apache-maven-3.9.11-bin\bin;C:\Users\dead inside\AppData\Roaming\npm
    [SystemRoot] => C:\Windows
    [COMSPEC] => C:\Windows\system32\cmd.exe
    [PATHEXT] => .COM;.EXE;.BAT;.CMD;.VBS;.VBE;.JS;.JSE;.WSF;.WSH;.MSC
    [WINDIR] => C:\Windows
    [SERVER_SIGNATURE] => <address>Apache/2.4.58 (Win64) OpenSSL/3.1.3 PHP/8.2.12 Server at 10.0.2.2 Port 80</address>

    [SERVER_SOFTWARE] => Apache/2.4.58 (Win64) OpenSSL/3.1.3 PHP/8.2.12
    [SERVER_NAME] => 10.0.2.2
    [SERVER_ADDR] => 127.0.0.1
    [SERVER_PORT] => 80
    [REMOTE_ADDR] => 127.0.0.1
    [DOCUMENT_ROOT] => C:/xampp/htdocs
    [REQUEST_SCHEME] => http
    [CONTEXT_PREFIX] => 
    [CONTEXT_DOCUMENT_ROOT] => C:/xampp/htdocs
    [SERVER_ADMIN] => postmaster@localhost
    [SCRIPT_FILENAME] => C:/xampp/htdocs/taskmanager_api/api/tasks.php
    [REMOTE_PORT] => 49331
    [GATEWAY_INTERFACE] => CGI/1.1
    [SERVER_PROTOCOL] => HTTP/1.1
    [REQUEST_METHOD] => GET
    [QUERY_STRING] => user_id=0
    [REQUEST_URI] => /taskmanager_api/api/tasks.php?user_id=0
    [SCRIPT_NAME] => /taskmanager_api/api/tasks.php
    [PHP_SELF] => /taskmanager_api/api/tasks.php
    [REQUEST_TIME_FLOAT] => 1765396273.3267
    [REQUEST_TIME] => 1765396273
)

[10-Dec-2025 20:51:13 Europe/Berlin] === TASKS API CALL ===
[10-Dec-2025 20:51:13 Europe/Berlin] === TASKS API CALL ===
[10-Dec-2025 20:51:13 Europe/Berlin] Method: GET
[10-Dec-2025 20:51:13 Europe/Berlin] Method: GET
[10-Dec-2025 20:51:13 Europe/Berlin] Time: 2025-12-10 20:51:13
[10-Dec-2025 20:51:13 Europe/Berlin] Time: 2025-12-10 20:51:13
[10-Dec-2025 20:51:13 Europe/Berlin] GET params: Array
(
    [user_id] => 0
)

[10-Dec-2025 20:51:13 Europe/Berlin] GET params: Array
(
    [user_id] => 0
)

[10-Dec-2025 20:51:13 Europe/Berlin] Request body: 
[10-Dec-2025 20:51:13 Europe/Berlin] Request body: 
[10-Dec-2025 20:51:13 Europe/Berlin] Database connection successful to taskmanager
[10-Dec-2025 20:51:13 Europe/Berlin] Database connection successful to taskmanager
[10-Dec-2025 20:51:13 Europe/Berlin] Getting tasks for user_id: 0
[10-Dec-2025 20:51:13 Europe/Berlin] Getting tasks for user_id: 0
[10-Dec-2025 20:51:13 Europe/Berlin] Found 0 tasks for user 0
[10-Dec-2025 20:51:13 Europe/Berlin] Found 0 tasks for user 0
[10-Dec-2025 20:51:13 Europe/Berlin] === TASKS API CALL END ===

[10-Dec-2025 20:51:13 Europe/Berlin] === TASKS API CALL END ===

[10-Dec-2025 20:51:14 Europe/Berlin] === TASKS.PHP START ===
[10-Dec-2025 20:51:14 Europe/Berlin] Time: 2025-12-10 20:51:14
[10-Dec-2025 20:51:14 Europe/Berlin] GET: Array
(
    [user_id] => 0
)

[10-Dec-2025 20:51:14 Europe/Berlin] SERVER: Array
(
    [MIBDIRS] => C:/xampp/php/extras/mibs
    [MYSQL_HOME] => \xampp\mysql\bin
    [OPENSSL_CONF] => C:/xampp/apache/bin/openssl.cnf
    [PHP_PEAR_SYSCONF_DIR] => \xampp\php
    [PHPRC] => \xampp\php
    [TMP] => \xampp\tmp
    [HTTP_HOST] => 10.0.2.2
    [HTTP_CONNECTION] => Keep-Alive
    [HTTP_ACCEPT_ENCODING] => gzip
    [HTTP_USER_AGENT] => okhttp/4.10.0
    [PATH] => C:\Program Files\NVIDIA\CUDNN\v9.5\bin;C:\Program Files\NVIDIA GPU Computing Toolkit\CUDA\v12.1\bin;C:\Program Files\NVIDIA GPU Computing Toolkit\CUDA\v12.1\libnvvp;C:\Program Files\Microsoft MPI\Bin\;C:\Program Files\Microsoft\jdk-11.0.16.101-hotspot\bin;C:\Program Files\dotnet\;C:\ProgramData\Oracle\Java\javapath;C:\Windows\system32;C:\Windows;C:\Windows\System32\Wbem;C:\Windows\System32\WindowsPowerShell\v1.0\;C:\Windows\System32\OpenSSH\;C:\Program Files\NVIDIA Corporation\NVIDIA NvDLISR;C:\Program Files (x86)\NVIDIA Corporation\PhysX\Common;C:\Program Files\Microsoft SQL Server\Client SDK\ODBC\170\Tools\Binn\;C:\Users\dead inside\Documents\is lab 7\bin;C:\Users\dead inside\Downloads\apache-maven-3.9.11-bin\bin;C:\Program Files\NVIDIA Corporation\Nsight Compute 2023.1.1\;C:\Program Files\Git\cmd;D:\nodejs\;C:\Program Files\Docker\Docker\resources\bin;C:\Users\dead inside\.cargo\bin;C:\Users\dead inside\AppData\Local\Programs\Python\Python38\Scripts\;C:\Users\dead inside\AppData\Local\Programs\Python\Python38\;C:\Users\dead inside\AppData\Local\Programs\Python\Python38-32\Scripts\;C:\Users\dead inside\AppData\Local\Programs\Python\Python38-32\;C:\Users\dead inside\AppData\Local\Programs\Python\Python312\Scripts\;C:\Users\dead inside\AppData\Local\Programs\Python\Python312\;C:\Users\dead inside\AppData\Local\Microsoft\WindowsApps;C:\Users\dead inside\.dotnet\tools;C:\Program Files\Azure Data Studio\bin;D:\vs code\Microsoft VS Code\bin;C:\Users\dead inside\.dotnet\tools;C:\Users\dead inside\AppData\Local\Android\Sdk\platform-tools;C:\Users\dead inside\AppData\Local\Android\Sdk\tools;C:\Users\dead inside\AppData\Local\Android\Sdk\tools\bin;C:\Users\dead inside\AppData\Local\Android\Sdk\emulator;C:\Users\dead inside\Downloads\apache-maven-3.9.11-bin\bin;C:\Users\dead inside\AppData\Roaming\npm
    [SystemRoot] => C:\Windows
    [COMSPEC] => C:\Windows\system32\cmd.exe
    [PATHEXT] => .COM;.EXE;.BAT;.CMD;.VBS;.VBE;.JS;.JSE;.WSF;.WSH;.MSC
    [WINDIR] => C:\Windows
    [SERVER_SIGNATURE] => <address>Apache/2.4.58 (Win64) OpenSSL/3.1.3 PHP/8.2.12 Server at 10.0.2.2 Port 80</address>

    [SERVER_SOFTWARE] => Apache/2.4.58 (Win64) OpenSSL/3.1.3 PHP/8.2.12
    [SERVER_NAME] => 10.0.2.2
    [SERVER_ADDR] => 127.0.0.1
    [SERVER_PORT] => 80
    [REMOTE_ADDR] => 127.0.0.1
    [DOCUMENT_ROOT] => C:/xampp/htdocs
    [REQUEST_SCHEME] => http
    [CONTEXT_PREFIX] => 
    [CONTEXT_DOCUMENT_ROOT] => C:/xampp/htdocs
    [SERVER_ADMIN] => postmaster@localhost
    [SCRIPT_FILENAME] => C:/xampp/htdocs/taskmanager_api/api/tasks.php
    [REMOTE_PORT] => 49331
    [GATEWAY_INTERFACE] => CGI/1.1
    [SERVER_PROTOCOL] => HTTP/1.1
    [REQUEST_METHOD] => GET
    [QUERY_STRING] => user_id=0
    [REQUEST_URI] => /taskmanager_api/api/tasks.php?user_id=0
    [SCRIPT_NAME] => /taskmanager_api/api/tasks.php
    [PHP_SELF] => /taskmanager_api/api/tasks.php
    [REQUEST_TIME_FLOAT] => 1765396274.2943
    [REQUEST_TIME] => 1765396274
)

[10-Dec-2025 20:51:14 Europe/Berlin] === TASKS API CALL ===
[10-Dec-2025 20:51:14 Europe/Berlin] Method: GET
[10-Dec-2025 20:51:14 Europe/Berlin] Time: 2025-12-10 20:51:14
[10-Dec-2025 20:51:14 Europe/Berlin] GET params: Array
(
    [user_id] => 0
)

[10-Dec-2025 20:51:14 Europe/Berlin] Request body: 
[10-Dec-2025 20:51:14 Europe/Berlin] Database connection successful to taskmanager
[10-Dec-2025 20:51:14 Europe/Berlin] Getting tasks for user_id: 0
[10-Dec-2025 20:51:14 Europe/Berlin] Found 0 tasks for user 0
[10-Dec-2025 20:51:14 Europe/Berlin] === TASKS API CALL END ===

[10-Dec-2025 20:57:37 Europe/Berlin] === TASKS.PHP START ===
[10-Dec-2025 20:57:37 Europe/Berlin] Time: 2025-12-10 20:57:37
[10-Dec-2025 20:57:37 Europe/Berlin] GET: Array
(
    [user_id] => 0
)

[10-Dec-2025 20:57:37 Europe/Berlin] SERVER: Array
(
    [MIBDIRS] => C:/xampp/php/extras/mibs
    [MYSQL_HOME] => \xampp\mysql\bin
    [OPENSSL_CONF] => C:/xampp/apache/bin/openssl.cnf
    [PHP_PEAR_SYSCONF_DIR] => \xampp\php
    [PHPRC] => \xampp\php
    [TMP] => \xampp\tmp
    [HTTP_HOST] => 10.0.2.2
    [HTTP_CONNECTION] => Keep-Alive
    [HTTP_ACCEPT_ENCODING] => gzip
    [HTTP_USER_AGENT] => okhttp/4.10.0
    [PATH] => C:\Program Files\NVIDIA\CUDNN\v9.5\bin;C:\Program Files\NVIDIA GPU Computing Toolkit\CUDA\v12.1\bin;C:\Program Files\NVIDIA GPU Computing Toolkit\CUDA\v12.1\libnvvp;C:\Program Files\Microsoft MPI\Bin\;C:\Program Files\Microsoft\jdk-11.0.16.101-hotspot\bin;C:\Program Files\dotnet\;C:\ProgramData\Oracle\Java\javapath;C:\Windows\system32;C:\Windows;C:\Windows\System32\Wbem;C:\Windows\System32\WindowsPowerShell\v1.0\;C:\Windows\System32\OpenSSH\;C:\Program Files\NVIDIA Corporation\NVIDIA NvDLISR;C:\Program Files (x86)\NVIDIA Corporation\PhysX\Common;C:\Program Files\Microsoft SQL Server\Client SDK\ODBC\170\Tools\Binn\;C:\Users\dead inside\Documents\is lab 7\bin;C:\Users\dead inside\Downloads\apache-maven-3.9.11-bin\bin;C:\Program Files\NVIDIA Corporation\Nsight Compute 2023.1.1\;C:\Program Files\Git\cmd;D:\nodejs\;C:\Program Files\Docker\Docker\resources\bin;C:\Users\dead inside\.cargo\bin;C:\Users\dead inside\AppData\Local\Programs\Python\Python38\Scripts\;C:\Users\dead inside\AppData\Local\Programs\Python\Python38\;C:\Users\dead inside\AppData\Local\Programs\Python\Python38-32\Scripts\;C:\Users\dead inside\AppData\Local\Programs\Python\Python38-32\;C:\Users\dead inside\AppData\Local\Programs\Python\Python312\Scripts\;C:\Users\dead inside\AppData\Local\Programs\Python\Python312\;C:\Users\dead inside\AppData\Local\Microsoft\WindowsApps;C:\Users\dead inside\.dotnet\tools;C:\Program Files\Azure Data Studio\bin;D:\vs code\Microsoft VS Code\bin;C:\Users\dead inside\.dotnet\tools;C:\Users\dead inside\AppData\Local\Android\Sdk\platform-tools;C:\Users\dead inside\AppData\Local\Android\Sdk\tools;C:\Users\dead inside\AppData\Local\Android\Sdk\tools\bin;C:\Users\dead inside\AppData\Local\Android\Sdk\emulator;C:\Users\dead inside\Downloads\apache-maven-3.9.11-bin\bin;C:\Users\dead inside\AppData\Roaming\npm
    [SystemRoot] => C:\Windows
    [COMSPEC] => C:\Windows\system32\cmd.exe
    [PATHEXT] => .COM;.EXE;.BAT;.CMD;.VBS;.VBE;.JS;.JSE;.WSF;.WSH;.MSC
    [WINDIR] => C:\Windows
    [SERVER_SIGNATURE] => <address>Apache/2.4.58 (Win64) OpenSSL/3.1.3 PHP/8.2.12 Server at 10.0.2.2 Port 80</address>

    [SERVER_SOFTWARE] => Apache/2.4.58 (Win64) OpenSSL/3.1.3 PHP/8.2.12
    [SERVER_NAME] => 10.0.2.2
    [SERVER_ADDR] => 127.0.0.1
    [SERVER_PORT] => 80
    [REMOTE_ADDR] => 127.0.0.1
    [DOCUMENT_ROOT] => C:/xampp/htdocs
    [REQUEST_SCHEME] => http
    [CONTEXT_PREFIX] => 
    [CONTEXT_DOCUMENT_ROOT] => C:/xampp/htdocs
    [SERVER_ADMIN] => postmaster@localhost
    [SCRIPT_FILENAME] => C:/xampp/htdocs/taskmanager_api/api/tasks.php
    [REMOTE_PORT] => 49516
    [GATEWAY_INTERFACE] => CGI/1.1
    [SERVER_PROTOCOL] => HTTP/1.1
    [REQUEST_METHOD] => GET
    [QUERY_STRING] => user_id=0
    [REQUEST_URI] => /taskmanager_api/api/tasks.php?user_id=0
    [SCRIPT_NAME] => /taskmanager_api/api/tasks.php
    [PHP_SELF] => /taskmanager_api/api/tasks.php
    [REQUEST_TIME_FLOAT] => 1765396657.6108
    [REQUEST_TIME] => 1765396657
)

[10-Dec-2025 20:57:37 Europe/Berlin] === TASKS API CALL ===
[10-Dec-2025 20:57:37 Europe/Berlin] Method: GET
[10-Dec-2025 20:57:37 Europe/Berlin] Time: 2025-12-10 20:57:37
[10-Dec-2025 20:57:37 Europe/Berlin] GET params: Array
(
    [user_id] => 0
)

[10-Dec-2025 20:57:37 Europe/Berlin] Request body: 
[10-Dec-2025 20:57:37 Europe/Berlin] Database connection successful to taskmanager
[10-Dec-2025 20:57:37 Europe/Berlin] Getting tasks for user_id: 0
[10-Dec-2025 20:57:37 Europe/Berlin] Found 0 tasks for user 0
[10-Dec-2025 20:57:37 Europe/Berlin] === TASKS API CALL END ===

[10-Dec-2025 20:57:41 Europe/Berlin] === TASKS.PHP START ===
[10-Dec-2025 20:57:41 Europe/Berlin] Time: 2025-12-10 20:57:41
[10-Dec-2025 20:57:41 Europe/Berlin] GET: Array
(
    [user_id] => 0
)

[10-Dec-2025 20:57:41 Europe/Berlin] SERVER: Array
(
    [MIBDIRS] => C:/xampp/php/extras/mibs
    [MYSQL_HOME] => \xampp\mysql\bin
    [OPENSSL_CONF] => C:/xampp/apache/bin/openssl.cnf
    [PHP_PEAR_SYSCONF_DIR] => \xampp\php
    [PHPRC] => \xampp\php
    [TMP] => \xampp\tmp
    [HTTP_HOST] => 10.0.2.2
    [HTTP_CONNECTION] => Keep-Alive
    [HTTP_ACCEPT_ENCODING] => gzip
    [HTTP_USER_AGENT] => okhttp/4.10.0
    [PATH] => C:\Program Files\NVIDIA\CUDNN\v9.5\bin;C:\Program Files\NVIDIA GPU Computing Toolkit\CUDA\v12.1\bin;C:\Program Files\NVIDIA GPU Computing Toolkit\CUDA\v12.1\libnvvp;C:\Program Files\Microsoft MPI\Bin\;C:\Program Files\Microsoft\jdk-11.0.16.101-hotspot\bin;C:\Program Files\dotnet\;C:\ProgramData\Oracle\Java\javapath;C:\Windows\system32;C:\Windows;C:\Windows\System32\Wbem;C:\Windows\System32\WindowsPowerShell\v1.0\;C:\Windows\System32\OpenSSH\;C:\Program Files\NVIDIA Corporation\NVIDIA NvDLISR;C:\Program Files (x86)\NVIDIA Corporation\PhysX\Common;C:\Program Files\Microsoft SQL Server\Client SDK\ODBC\170\Tools\Binn\;C:\Users\dead inside\Documents\is lab 7\bin;C:\Users\dead inside\Downloads\apache-maven-3.9.11-bin\bin;C:\Program Files\NVIDIA Corporation\Nsight Compute 2023.1.1\;C:\Program Files\Git\cmd;D:\nodejs\;C:\Program Files\Docker\Docker\resources\bin;C:\Users\dead inside\.cargo\bin;C:\Users\dead inside\AppData\Local\Programs\Python\Python38\Scripts\;C:\Users\dead inside\AppData\Local\Programs\Python\Python38\;C:\Users\dead inside\AppData\Local\Programs\Python\Python38-32\Scripts\;C:\Users\dead inside\AppData\Local\Programs\Python\Python38-32\;C:\Users\dead inside\AppData\Local\Programs\Python\Python312\Scripts\;C:\Users\dead inside\AppData\Local\Programs\Python\Python312\;C:\Users\dead inside\AppData\Local\Microsoft\WindowsApps;C:\Users\dead inside\.dotnet\tools;C:\Program Files\Azure Data Studio\bin;D:\vs code\Microsoft VS Code\bin;C:\Users\dead inside\.dotnet\tools;C:\Users\dead inside\AppData\Local\Android\Sdk\platform-tools;C:\Users\dead inside\AppData\Local\Android\Sdk\tools;C:\Users\dead inside\AppData\Local\Android\Sdk\tools\bin;C:\Users\dead inside\AppData\Local\Android\Sdk\emulator;C:\Users\dead inside\Downloads\apache-maven-3.9.11-bin\bin;C:\Users\dead inside\AppData\Roaming\npm
    [SystemRoot] => C:\Windows
    [COMSPEC] => C:\Windows\system32\cmd.exe
    [PATHEXT] => .COM;.EXE;.BAT;.CMD;.VBS;.VBE;.JS;.JSE;.WSF;.WSH;.MSC
    [WINDIR] => C:\Windows
    [SERVER_SIGNATURE] => <address>Apache/2.4.58 (Win64) OpenSSL/3.1.3 PHP/8.2.12 Server at 10.0.2.2 Port 80</address>

    [SERVER_SOFTWARE] => Apache/2.4.58 (Win64) OpenSSL/3.1.3 PHP/8.2.12
    [SERVER_NAME] => 10.0.2.2
    [SERVER_ADDR] => 127.0.0.1
    [SERVER_PORT] => 80
    [REMOTE_ADDR] => 127.0.0.1
    [DOCUMENT_ROOT] => C:/xampp/htdocs
    [REQUEST_SCHEME] => http
    [CONTEXT_PREFIX] => 
    [CONTEXT_DOCUMENT_ROOT] => C:/xampp/htdocs
    [SERVER_ADMIN] => postmaster@localhost
    [SCRIPT_FILENAME] => C:/xampp/htdocs/taskmanager_api/api/tasks.php
    [REMOTE_PORT] => 49523
    [GATEWAY_INTERFACE] => CGI/1.1
    [SERVER_PROTOCOL] => HTTP/1.1
    [REQUEST_METHOD] => GET
    [QUERY_STRING] => user_id=0
    [REQUEST_URI] => /taskmanager_api/api/tasks.php?user_id=0
    [SCRIPT_NAME] => /taskmanager_api/api/tasks.php
    [PHP_SELF] => /taskmanager_api/api/tasks.php
    [REQUEST_TIME_FLOAT] => 1765396661.5017
    [REQUEST_TIME] => 1765396661
)

[10-Dec-2025 20:57:41 Europe/Berlin] === TASKS API CALL ===
[10-Dec-2025 20:57:41 Europe/Berlin] Method: GET
[10-Dec-2025 20:57:41 Europe/Berlin] Time: 2025-12-10 20:57:41
[10-Dec-2025 20:57:41 Europe/Berlin] GET params: Array
(
    [user_id] => 0
)

[10-Dec-2025 20:57:41 Europe/Berlin] Request body: 
[10-Dec-2025 20:57:41 Europe/Berlin] Database connection successful to taskmanager
[10-Dec-2025 20:57:41 Europe/Berlin] Getting tasks for user_id: 0
[10-Dec-2025 20:57:41 Europe/Berlin] Found 0 tasks for user 0
[10-Dec-2025 20:57:41 Europe/Berlin] === TASKS API CALL END ===

[10-Dec-2025 20:57:43 Europe/Berlin] === TASKS.PHP START ===
[10-Dec-2025 20:57:43 Europe/Berlin] Time: 2025-12-10 20:57:43
[10-Dec-2025 20:57:43 Europe/Berlin] GET: Array
(
    [user_id] => 0
)

[10-Dec-2025 20:57:43 Europe/Berlin] SERVER: Array
(
    [MIBDIRS] => C:/xampp/php/extras/mibs
    [MYSQL_HOME] => \xampp\mysql\bin
    [OPENSSL_CONF] => C:/xampp/apache/bin/openssl.cnf
    [PHP_PEAR_SYSCONF_DIR] => \xampp\php
    [PHPRC] => \xampp\php
    [TMP] => \xampp\tmp
    [HTTP_HOST] => 10.0.2.2
    [HTTP_CONNECTION] => Keep-Alive
    [HTTP_ACCEPT_ENCODING] => gzip
    [HTTP_USER_AGENT] => okhttp/4.10.0
    [PATH] => C:\Program Files\NVIDIA\CUDNN\v9.5\bin;C:\Program Files\NVIDIA GPU Computing Toolkit\CUDA\v12.1\bin;C:\Program Files\NVIDIA GPU Computing Toolkit\CUDA\v12.1\libnvvp;C:\Program Files\Microsoft MPI\Bin\;C:\Program Files\Microsoft\jdk-11.0.16.101-hotspot\bin;C:\Program Files\dotnet\;C:\ProgramData\Oracle\Java\javapath;C:\Windows\system32;C:\Windows;C:\Windows\System32\Wbem;C:\Windows\System32\WindowsPowerShell\v1.0\;C:\Windows\System32\OpenSSH\;C:\Program Files\NVIDIA Corporation\NVIDIA NvDLISR;C:\Program Files (x86)\NVIDIA Corporation\PhysX\Common;C:\Program Files\Microsoft SQL Server\Client SDK\ODBC\170\Tools\Binn\;C:\Users\dead inside\Documents\is lab 7\bin;C:\Users\dead inside\Downloads\apache-maven-3.9.11-bin\bin;C:\Program Files\NVIDIA Corporation\Nsight Compute 2023.1.1\;C:\Program Files\Git\cmd;D:\nodejs\;C:\Program Files\Docker\Docker\resources\bin;C:\Users\dead inside\.cargo\bin;C:\Users\dead inside\AppData\Local\Programs\Python\Python38\Scripts\;C:\Users\dead inside\AppData\Local\Programs\Python\Python38\;C:\Users\dead inside\AppData\Local\Programs\Python\Python38-32\Scripts\;C:\Users\dead inside\AppData\Local\Programs\Python\Python38-32\;C:\Users\dead inside\AppData\Local\Programs\Python\Python312\Scripts\;C:\Users\dead inside\AppData\Local\Programs\Python\Python312\;C:\Users\dead inside\AppData\Local\Microsoft\WindowsApps;C:\Users\dead inside\.dotnet\tools;C:\Program Files\Azure Data Studio\bin;D:\vs code\Microsoft VS Code\bin;C:\Users\dead inside\.dotnet\tools;C:\Users\dead inside\AppData\Local\Android\Sdk\platform-tools;C:\Users\dead inside\AppData\Local\Android\Sdk\tools;C:\Users\dead inside\AppData\Local\Android\Sdk\tools\bin;C:\Users\dead inside\AppData\Local\Android\Sdk\emulator;C:\Users\dead inside\Downloads\apache-maven-3.9.11-bin\bin;C:\Users\dead inside\AppData\Roaming\npm
    [SystemRoot] => C:\Windows
    [COMSPEC] => C:\Windows\system32\cmd.exe
    [PATHEXT] => .COM;.EXE;.BAT;.CMD;.VBS;.VBE;.JS;.JSE;.WSF;.WSH;.MSC
    [WINDIR] => C:\Windows
    [SERVER_SIGNATURE] => <address>Apache/2.4.58 (Win64) OpenSSL/3.1.3 PHP/8.2.12 Server at 10.0.2.2 Port 80</address>

    [SERVER_SOFTWARE] => Apache/2.4.58 (Win64) OpenSSL/3.1.3 PHP/8.2.12
    [SERVER_NAME] => 10.0.2.2
    [SERVER_ADDR] => 127.0.0.1
    [SERVER_PORT] => 80
    [REMOTE_ADDR] => 127.0.0.1
    [DOCUMENT_ROOT] => C:/xampp/htdocs
    [REQUEST_SCHEME] => http
    [CONTEXT_PREFIX] => 
    [CONTEXT_DOCUMENT_ROOT] => C:/xampp/htdocs
    [SERVER_ADMIN] => postmaster@localhost
    [SCRIPT_FILENAME] => C:/xampp/htdocs/taskmanager_api/api/tasks.php
    [REMOTE_PORT] => 49523
    [GATEWAY_INTERFACE] => CGI/1.1
    [SERVER_PROTOCOL] => HTTP/1.1
    [REQUEST_METHOD] => GET
    [QUERY_STRING] => user_id=0
    [REQUEST_URI] => /taskmanager_api/api/tasks.php?user_id=0
    [SCRIPT_NAME] => /taskmanager_api/api/tasks.php
    [PHP_SELF] => /taskmanager_api/api/tasks.php
    [REQUEST_TIME_FLOAT] => 1765396663.0122
    [REQUEST_TIME] => 1765396663
)

[10-Dec-2025 20:57:43 Europe/Berlin] === TASKS API CALL ===
[10-Dec-2025 20:57:43 Europe/Berlin] Method: GET
[10-Dec-2025 20:57:43 Europe/Berlin] Time: 2025-12-10 20:57:43
[10-Dec-2025 20:57:43 Europe/Berlin] GET params: Array
(
    [user_id] => 0
)

[10-Dec-2025 20:57:43 Europe/Berlin] Request body: 
[10-Dec-2025 20:57:43 Europe/Berlin] Database connection successful to taskmanager
[10-Dec-2025 20:57:43 Europe/Berlin] Getting tasks for user_id: 0
[10-Dec-2025 20:57:43 Europe/Berlin] Found 0 tasks for user 0
[10-Dec-2025 20:57:43 Europe/Berlin] === TASKS API CALL END ===

[10-Dec-2025 20:57:43 Europe/Berlin] === TASKS.PHP START ===
[10-Dec-2025 20:57:43 Europe/Berlin] Time: 2025-12-10 20:57:43
[10-Dec-2025 20:57:43 Europe/Berlin] GET: Array
(
    [user_id] => 0
)

[10-Dec-2025 20:57:43 Europe/Berlin] SERVER: Array
(
    [MIBDIRS] => C:/xampp/php/extras/mibs
    [MYSQL_HOME] => \xampp\mysql\bin
    [OPENSSL_CONF] => C:/xampp/apache/bin/openssl.cnf
    [PHP_PEAR_SYSCONF_DIR] => \xampp\php
    [PHPRC] => \xampp\php
    [TMP] => \xampp\tmp
    [HTTP_HOST] => 10.0.2.2
    [HTTP_CONNECTION] => Keep-Alive
    [HTTP_ACCEPT_ENCODING] => gzip
    [HTTP_USER_AGENT] => okhttp/4.10.0
    [PATH] => C:\Program Files\NVIDIA\CUDNN\v9.5\bin;C:\Program Files\NVIDIA GPU Computing Toolkit\CUDA\v12.1\bin;C:\Program Files\NVIDIA GPU Computing Toolkit\CUDA\v12.1\libnvvp;C:\Program Files\Microsoft MPI\Bin\;C:\Program Files\Microsoft\jdk-11.0.16.101-hotspot\bin;C:\Program Files\dotnet\;C:\ProgramData\Oracle\Java\javapath;C:\Windows\system32;C:\Windows;C:\Windows\System32\Wbem;C:\Windows\System32\WindowsPowerShell\v1.0\;C:\Windows\System32\OpenSSH\;C:\Program Files\NVIDIA Corporation\NVIDIA NvDLISR;C:\Program Files (x86)\NVIDIA Corporation\PhysX\Common;C:\Program Files\Microsoft SQL Server\Client SDK\ODBC\170\Tools\Binn\;C:\Users\dead inside\Documents\is lab 7\bin;C:\Users\dead inside\Downloads\apache-maven-3.9.11-bin\bin;C:\Program Files\NVIDIA Corporation\Nsight Compute 2023.1.1\;C:\Program Files\Git\cmd;D:\nodejs\;C:\Program Files\Docker\Docker\resources\bin;C:\Users\dead inside\.cargo\bin;C:\Users\dead inside\AppData\Local\Programs\Python\Python38\Scripts\;C:\Users\dead inside\AppData\Local\Programs\Python\Python38\;C:\Users\dead inside\AppData\Local\Programs\Python\Python38-32\Scripts\;C:\Users\dead inside\AppData\Local\Programs\Python\Python38-32\;C:\Users\dead inside\AppData\Local\Programs\Python\Python312\Scripts\;C:\Users\dead inside\AppData\Local\Programs\Python\Python312\;C:\Users\dead inside\AppData\Local\Microsoft\WindowsApps;C:\Users\dead inside\.dotnet\tools;C:\Program Files\Azure Data Studio\bin;D:\vs code\Microsoft VS Code\bin;C:\Users\dead inside\.dotnet\tools;C:\Users\dead inside\AppData\Local\Android\Sdk\platform-tools;C:\Users\dead inside\AppData\Local\Android\Sdk\tools;C:\Users\dead inside\AppData\Local\Android\Sdk\tools\bin;C:\Users\dead inside\AppData\Local\Android\Sdk\emulator;C:\Users\dead inside\Downloads\apache-maven-3.9.11-bin\bin;C:\Users\dead inside\AppData\Roaming\npm
    [SystemRoot] => C:\Windows
    [COMSPEC] => C:\Windows\system32\cmd.exe
    [PATHEXT] => .COM;.EXE;.BAT;.CMD;.VBS;.VBE;.JS;.JSE;.WSF;.WSH;.MSC
    [WINDIR] => C:\Windows
    [SERVER_SIGNATURE] => <address>Apache/2.4.58 (Win64) OpenSSL/3.1.3 PHP/8.2.12 Server at 10.0.2.2 Port 80</address>

    [SERVER_SOFTWARE] => Apache/2.4.58 (Win64) OpenSSL/3.1.3 PHP/8.2.12
    [SERVER_NAME] => 10.0.2.2
    [SERVER_ADDR] => 127.0.0.1
    [SERVER_PORT] => 80
    [REMOTE_ADDR] => 127.0.0.1
    [DOCUMENT_ROOT] => C:/xampp/htdocs
    [REQUEST_SCHEME] => http
    [CONTEXT_PREFIX] => 
    [CONTEXT_DOCUMENT_ROOT] => C:/xampp/htdocs
    [SERVER_ADMIN] => postmaster@localhost
    [SCRIPT_FILENAME] => C:/xampp/htdocs/taskmanager_api/api/tasks.php
    [REMOTE_PORT] => 49527
    [GATEWAY_INTERFACE] => CGI/1.1
    [SERVER_PROTOCOL] => HTTP/1.1
    [REQUEST_METHOD] => GET
    [QUERY_STRING] => user_id=0
    [REQUEST_URI] => /taskmanager_api/api/tasks.php?user_id=0
    [SCRIPT_NAME] => /taskmanager_api/api/tasks.php
    [PHP_SELF] => /taskmanager_api/api/tasks.php
    [REQUEST_TIME_FLOAT] => 1765396663.0254
    [REQUEST_TIME] => 1765396663
)

[10-Dec-2025 20:57:43 Europe/Berlin] === TASKS API CALL ===
[10-Dec-2025 20:57:43 Europe/Berlin] Method: GET
[10-Dec-2025 20:57:43 Europe/Berlin] Time: 2025-12-10 20:57:43
[10-Dec-2025 20:57:43 Europe/Berlin] GET params: Array
(
    [user_id] => 0
)

[10-Dec-2025 20:57:43 Europe/Berlin] Request body: 
[10-Dec-2025 20:57:43 Europe/Berlin] Database connection successful to taskmanager
[10-Dec-2025 20:57:43 Europe/Berlin] Getting tasks for user_id: 0
[10-Dec-2025 20:57:43 Europe/Berlin] Found 0 tasks for user 0
[10-Dec-2025 20:57:43 Europe/Berlin] === TASKS API CALL END ===

[10-Dec-2025 20:57:46 Europe/Berlin] === TASKS.PHP START ===
[10-Dec-2025 20:57:46 Europe/Berlin] Time: 2025-12-10 20:57:46
[10-Dec-2025 20:57:46 Europe/Berlin] GET: Array
(
    [user_id] => 0
)

[10-Dec-2025 20:57:46 Europe/Berlin] SERVER: Array
(
    [MIBDIRS] => C:/xampp/php/extras/mibs
    [MYSQL_HOME] => \xampp\mysql\bin
    [OPENSSL_CONF] => C:/xampp/apache/bin/openssl.cnf
    [PHP_PEAR_SYSCONF_DIR] => \xampp\php
    [PHPRC] => \xampp\php
    [TMP] => \xampp\tmp
    [HTTP_HOST] => 10.0.2.2
    [HTTP_CONNECTION] => Keep-Alive
    [HTTP_ACCEPT_ENCODING] => gzip
    [HTTP_USER_AGENT] => okhttp/4.10.0
    [PATH] => C:\Program Files\NVIDIA\CUDNN\v9.5\bin;C:\Program Files\NVIDIA GPU Computing Toolkit\CUDA\v12.1\bin;C:\Program Files\NVIDIA GPU Computing Toolkit\CUDA\v12.1\libnvvp;C:\Program Files\Microsoft MPI\Bin\;C:\Program Files\Microsoft\jdk-11.0.16.101-hotspot\bin;C:\Program Files\dotnet\;C:\ProgramData\Oracle\Java\javapath;C:\Windows\system32;C:\Windows;C:\Windows\System32\Wbem;C:\Windows\System32\WindowsPowerShell\v1.0\;C:\Windows\System32\OpenSSH\;C:\Program Files\NVIDIA Corporation\NVIDIA NvDLISR;C:\Program Files (x86)\NVIDIA Corporation\PhysX\Common;C:\Program Files\Microsoft SQL Server\Client SDK\ODBC\170\Tools\Binn\;C:\Users\dead inside\Documents\is lab 7\bin;C:\Users\dead inside\Downloads\apache-maven-3.9.11-bin\bin;C:\Program Files\NVIDIA Corporation\Nsight Compute 2023.1.1\;C:\Program Files\Git\cmd;D:\nodejs\;C:\Program Files\Docker\Docker\resources\bin;C:\Users\dead inside\.cargo\bin;C:\Users\dead inside\AppData\Local\Programs\Python\Python38\Scripts\;C:\Users\dead inside\AppData\Local\Programs\Python\Python38\;C:\Users\dead inside\AppData\Local\Programs\Python\Python38-32\Scripts\;C:\Users\dead inside\AppData\Local\Programs\Python\Python38-32\;C:\Users\dead inside\AppData\Local\Programs\Python\Python312\Scripts\;C:\Users\dead inside\AppData\Local\Programs\Python\Python312\;C:\Users\dead inside\AppData\Local\Microsoft\WindowsApps;C:\Users\dead inside\.dotnet\tools;C:\Program Files\Azure Data Studio\bin;D:\vs code\Microsoft VS Code\bin;C:\Users\dead inside\.dotnet\tools;C:\Users\dead inside\AppData\Local\Android\Sdk\platform-tools;C:\Users\dead inside\AppData\Local\Android\Sdk\tools;C:\Users\dead inside\AppData\Local\Android\Sdk\tools\bin;C:\Users\dead inside\AppData\Local\Android\Sdk\emulator;C:\Users\dead inside\Downloads\apache-maven-3.9.11-bin\bin;C:\Users\dead inside\AppData\Roaming\npm
    [SystemRoot] => C:\Windows
    [COMSPEC] => C:\Windows\system32\cmd.exe
    [PATHEXT] => .COM;.EXE;.BAT;.CMD;.VBS;.VBE;.JS;.JSE;.WSF;.WSH;.MSC
    [WINDIR] => C:\Windows
    [SERVER_SIGNATURE] => <address>Apache/2.4.58 (Win64) OpenSSL/3.1.3 PHP/8.2.12 Server at 10.0.2.2 Port 80</address>

    [SERVER_SOFTWARE] => Apache/2.4.58 (Win64) OpenSSL/3.1.3 PHP/8.2.12
    [SERVER_NAME] => 10.0.2.2
    [SERVER_ADDR] => 127.0.0.1
    [SERVER_PORT] => 80
    [REMOTE_ADDR] => 127.0.0.1
    [DOCUMENT_ROOT] => C:/xampp/htdocs
    [REQUEST_SCHEME] => http
    [CONTEXT_PREFIX] => 
    [CONTEXT_DOCUMENT_ROOT] => C:/xampp/htdocs
    [SERVER_ADMIN] => postmaster@localhost
    [SCRIPT_FILENAME] => C:/xampp/htdocs/taskmanager_api/api/tasks.php
    [REMOTE_PORT] => 49531
    [GATEWAY_INTERFACE] => CGI/1.1
    [SERVER_PROTOCOL] => HTTP/1.1
    [REQUEST_METHOD] => GET
    [QUERY_STRING] => user_id=0
    [REQUEST_URI] => /taskmanager_api/api/tasks.php?user_id=0
    [SCRIPT_NAME] => /taskmanager_api/api/tasks.php
    [PHP_SELF] => /taskmanager_api/api/tasks.php
    [REQUEST_TIME_FLOAT] => 1765396666.5947
    [REQUEST_TIME] => 1765396666
)

[10-Dec-2025 20:57:46 Europe/Berlin] === TASKS API CALL ===
[10-Dec-2025 20:57:46 Europe/Berlin] Method: GET
[10-Dec-2025 20:57:46 Europe/Berlin] Time: 2025-12-10 20:57:46
[10-Dec-2025 20:57:46 Europe/Berlin] GET params: Array
(
    [user_id] => 0
)

[10-Dec-2025 20:57:46 Europe/Berlin] Request body: 
[10-Dec-2025 20:57:46 Europe/Berlin] Database connection successful to taskmanager
[10-Dec-2025 20:57:46 Europe/Berlin] Getting tasks for user_id: 0
[10-Dec-2025 20:57:46 Europe/Berlin] Found 0 tasks for user 0
[10-Dec-2025 20:57:46 Europe/Berlin] === TASKS API CALL END ===

[10-Dec-2025 20:58:11 Europe/Berlin] === TASKS.PHP START ===
[10-Dec-2025 20:58:11 Europe/Berlin] Time: 2025-12-10 20:58:11
[10-Dec-2025 20:58:11 Europe/Berlin] GET: Array
(
    [user_id] => 0
)

[10-Dec-2025 20:58:11 Europe/Berlin] SERVER: Array
(
    [MIBDIRS] => C:/xampp/php/extras/mibs
    [MYSQL_HOME] => \xampp\mysql\bin
    [OPENSSL_CONF] => C:/xampp/apache/bin/openssl.cnf
    [PHP_PEAR_SYSCONF_DIR] => \xampp\php
    [PHPRC] => \xampp\php
    [TMP] => \xampp\tmp
    [HTTP_HOST] => 10.0.2.2
    [HTTP_CONNECTION] => Keep-Alive
    [HTTP_ACCEPT_ENCODING] => gzip
    [HTTP_USER_AGENT] => okhttp/4.10.0
    [PATH] => C:\Program Files\NVIDIA\CUDNN\v9.5\bin;C:\Program Files\NVIDIA GPU Computing Toolkit\CUDA\v12.1\bin;C:\Program Files\NVIDIA GPU Computing Toolkit\CUDA\v12.1\libnvvp;C:\Program Files\Microsoft MPI\Bin\;C:\Program Files\Microsoft\jdk-11.0.16.101-hotspot\bin;C:\Program Files\dotnet\;C:\ProgramData\Oracle\Java\javapath;C:\Windows\system32;C:\Windows;C:\Windows\System32\Wbem;C:\Windows\System32\WindowsPowerShell\v1.0\;C:\Windows\System32\OpenSSH\;C:\Program Files\NVIDIA Corporation\NVIDIA NvDLISR;C:\Program Files (x86)\NVIDIA Corporation\PhysX\Common;C:\Program Files\Microsoft SQL Server\Client SDK\ODBC\170\Tools\Binn\;C:\Users\dead inside\Documents\is lab 7\bin;C:\Users\dead inside\Downloads\apache-maven-3.9.11-bin\bin;C:\Program Files\NVIDIA Corporation\Nsight Compute 2023.1.1\;C:\Program Files\Git\cmd;D:\nodejs\;C:\Program Files\Docker\Docker\resources\bin;C:\Users\dead inside\.cargo\bin;C:\Users\dead inside\AppData\Local\Programs\Python\Python38\Scripts\;C:\Users\dead inside\AppData\Local\Programs\Python\Python38\;C:\Users\dead inside\AppData\Local\Programs\Python\Python38-32\Scripts\;C:\Users\dead inside\AppData\Local\Programs\Python\Python38-32\;C:\Users\dead inside\AppData\Local\Programs\Python\Python312\Scripts\;C:\Users\dead inside\AppData\Local\Programs\Python\Python312\;C:\Users\dead inside\AppData\Local\Microsoft\WindowsApps;C:\Users\dead inside\.dotnet\tools;C:\Program Files\Azure Data Studio\bin;D:\vs code\Microsoft VS Code\bin;C:\Users\dead inside\.dotnet\tools;C:\Users\dead inside\AppData\Local\Android\Sdk\platform-tools;C:\Users\dead inside\AppData\Local\Android\Sdk\tools;C:\Users\dead inside\AppData\Local\Android\Sdk\tools\bin;C:\Users\dead inside\AppData\Local\Android\Sdk\emulator;C:\Users\dead inside\Downloads\apache-maven-3.9.11-bin\bin;C:\Users\dead inside\AppData\Roaming\npm
    [SystemRoot] => C:\Windows
    [COMSPEC] => C:\Windows\system32\cmd.exe
    [PATHEXT] => .COM;.EXE;.BAT;.CMD;.VBS;.VBE;.JS;.JSE;.WSF;.WSH;.MSC
    [WINDIR] => C:\Windows
    [SERVER_SIGNATURE] => <address>Apache/2.4.58 (Win64) OpenSSL/3.1.3 PHP/8.2.12 Server at 10.0.2.2 Port 80</address>

    [SERVER_SOFTWARE] => Apache/2.4.58 (Win64) OpenSSL/3.1.3 PHP/8.2.12
    [SERVER_NAME] => 10.0.2.2
    [SERVER_ADDR] => 127.0.0.1
    [SERVER_PORT] => 80
    [REMOTE_ADDR] => 127.0.0.1
    [DOCUMENT_ROOT] => C:/xampp/htdocs
    [REQUEST_SCHEME] => http
    [CONTEXT_PREFIX] => 
    [CONTEXT_DOCUMENT_ROOT] => C:/xampp/htdocs
    [SERVER_ADMIN] => postmaster@localhost
    [SCRIPT_FILENAME] => C:/xampp/htdocs/taskmanager_api/api/tasks.php
    [REMOTE_PORT] => 49541
    [GATEWAY_INTERFACE] => CGI/1.1
    [SERVER_PROTOCOL] => HTTP/1.1
    [REQUEST_METHOD] => GET
    [QUERY_STRING] => user_id=0
    [REQUEST_URI] => /taskmanager_api/api/tasks.php?user_id=0
    [SCRIPT_NAME] => /taskmanager_api/api/tasks.php
    [PHP_SELF] => /taskmanager_api/api/tasks.php
    [REQUEST_TIME_FLOAT] => 1765396691.0387
    [REQUEST_TIME] => 1765396691
)

[10-Dec-2025 20:58:11 Europe/Berlin] === TASKS API CALL ===
[10-Dec-2025 20:58:11 Europe/Berlin] Method: GET
[10-Dec-2025 20:58:11 Europe/Berlin] Time: 2025-12-10 20:58:11
[10-Dec-2025 20:58:11 Europe/Berlin] GET params: Array
(
    [user_id] => 0
)

[10-Dec-2025 20:58:11 Europe/Berlin] === TASKS.PHP START ===
[10-Dec-2025 20:58:11 Europe/Berlin] Request body: 
[10-Dec-2025 20:58:11 Europe/Berlin] Time: 2025-12-10 20:58:11
[10-Dec-2025 20:58:11 Europe/Berlin] GET: Array
(
    [user_id] => 0
)

[10-Dec-2025 20:58:11 Europe/Berlin] SERVER: Array
(
    [MIBDIRS] => C:/xampp/php/extras/mibs
    [MYSQL_HOME] => \xampp\mysql\bin
    [OPENSSL_CONF] => C:/xampp/apache/bin/openssl.cnf
    [PHP_PEAR_SYSCONF_DIR] => \xampp\php
    [PHPRC] => \xampp\php
    [TMP] => \xampp\tmp
    [HTTP_HOST] => 10.0.2.2
    [HTTP_CONNECTION] => Keep-Alive
    [HTTP_ACCEPT_ENCODING] => gzip
    [HTTP_USER_AGENT] => okhttp/4.10.0
    [PATH] => C:\Program Files\NVIDIA\CUDNN\v9.5\bin;C:\Program Files\NVIDIA GPU Computing Toolkit\CUDA\v12.1\bin;C:\Program Files\NVIDIA GPU Computing Toolkit\CUDA\v12.1\libnvvp;C:\Program Files\Microsoft MPI\Bin\;C:\Program Files\Microsoft\jdk-11.0.16.101-hotspot\bin;C:\Program Files\dotnet\;C:\ProgramData\Oracle\Java\javapath;C:\Windows\system32;C:\Windows;C:\Windows\System32\Wbem;C:\Windows\System32\WindowsPowerShell\v1.0\;C:\Windows\System32\OpenSSH\;C:\Program Files\NVIDIA Corporation\NVIDIA NvDLISR;C:\Program Files (x86)\NVIDIA Corporation\PhysX\Common;C:\Program Files\Microsoft SQL Server\Client SDK\ODBC\170\Tools\Binn\;C:\Users\dead inside\Documents\is lab 7\bin;C:\Users\dead inside\Downloads\apache-maven-3.9.11-bin\bin;C:\Program Files\NVIDIA Corporation\Nsight Compute 2023.1.1\;C:\Program Files\Git\cmd;D:\nodejs\;C:\Program Files\Docker\Docker\resources\bin;C:\Users\dead inside\.cargo\bin;C:\Users\dead inside\AppData\Local\Programs\Python\Python38\Scripts\;C:\Users\dead inside\AppData\Local\Programs\Python\Python38\;C:\Users\dead inside\AppData\Local\Programs\Python\Python38-32\Scripts\;C:\Users\dead inside\AppData\Local\Programs\Python\Python38-32\;C:\Users\dead inside\AppData\Local\Programs\Python\Python312\Scripts\;C:\Users\dead inside\AppData\Local\Programs\Python\Python312\;C:\Users\dead inside\AppData\Local\Microsoft\WindowsApps;C:\Users\dead inside\.dotnet\tools;C:\Program Files\Azure Data Studio\bin;D:\vs code\Microsoft VS Code\bin;C:\Users\dead inside\.dotnet\tools;C:\Users\dead inside\AppData\Local\Android\Sdk\platform-tools;C:\Users\dead inside\AppData\Local\Android\Sdk\tools;C:\Users\dead inside\AppData\Local\Android\Sdk\tools\bin;C:\Users\dead inside\AppData\Local\Android\Sdk\emulator;C:\Users\dead inside\Downloads\apache-maven-3.9.11-bin\bin;C:\Users\dead inside\AppData\Roaming\npm
    [SystemRoot] => C:\Windows
    [COMSPEC] => C:\Windows\system32\cmd.exe
    [PATHEXT] => .COM;.EXE;.BAT;.CMD;.VBS;.VBE;.JS;.JSE;.WSF;.WSH;.MSC
    [WINDIR] => C:\Windows
    [SERVER_SIGNATURE] => <address>Apache/2.4.58 (Win64) OpenSSL/3.1.3 PHP/8.2.12 Server at 10.0.2.2 Port 80</address>

    [SERVER_SOFTWARE] => Apache/2.4.58 (Win64) OpenSSL/3.1.3 PHP/8.2.12
    [SERVER_NAME] => 10.0.2.2
    [SERVER_ADDR] => 127.0.0.1
    [SERVER_PORT] => 80
    [REMOTE_ADDR] => 127.0.0.1
    [DOCUMENT_ROOT] => C:/xampp/htdocs
    [REQUEST_SCHEME] => http
    [CONTEXT_PREFIX] => 
    [CONTEXT_DOCUMENT_ROOT] => C:/xampp/htdocs
    [SERVER_ADMIN] => postmaster@localhost
    [SCRIPT_FILENAME] => C:/xampp/htdocs/taskmanager_api/api/tasks.php
    [REMOTE_PORT] => 49540
    [GATEWAY_INTERFACE] => CGI/1.1
    [SERVER_PROTOCOL] => HTTP/1.1
    [REQUEST_METHOD] => GET
    [QUERY_STRING] => user_id=0
    [REQUEST_URI] => /taskmanager_api/api/tasks.php?user_id=0
    [SCRIPT_NAME] => /taskmanager_api/api/tasks.php
    [PHP_SELF] => /taskmanager_api/api/tasks.php
    [REQUEST_TIME_FLOAT] => 1765396691.0407
    [REQUEST_TIME] => 1765396691
)

[10-Dec-2025 20:58:11 Europe/Berlin] === TASKS API CALL ===
[10-Dec-2025 20:58:11 Europe/Berlin] Method: GET
[10-Dec-2025 20:58:11 Europe/Berlin] Time: 2025-12-10 20:58:11
[10-Dec-2025 20:58:11 Europe/Berlin] Database connection successful to taskmanager
[10-Dec-2025 20:58:11 Europe/Berlin] GET params: Array
(
    [user_id] => 0
)

[10-Dec-2025 20:58:11 Europe/Berlin] Getting tasks for user_id: 0
[10-Dec-2025 20:58:11 Europe/Berlin] Request body: 
[10-Dec-2025 20:58:11 Europe/Berlin] Found 0 tasks for user 0
[10-Dec-2025 20:58:11 Europe/Berlin] === TASKS API CALL END ===

[10-Dec-2025 20:58:11 Europe/Berlin] Database connection successful to taskmanager
[10-Dec-2025 20:58:11 Europe/Berlin] Getting tasks for user_id: 0
[10-Dec-2025 20:58:11 Europe/Berlin] Found 0 tasks for user 0
[10-Dec-2025 20:58:11 Europe/Berlin] === TASKS API CALL END ===

[10-Dec-2025 21:00:59 Europe/Berlin] === TASKS.PHP START ===
[10-Dec-2025 21:00:59 Europe/Berlin] Time: 2025-12-10 21:00:59
[10-Dec-2025 21:00:59 Europe/Berlin] GET: Array
(
    [user_id] => 0
)

[10-Dec-2025 21:00:59 Europe/Berlin] SERVER: Array
(
    [MIBDIRS] => C:/xampp/php/extras/mibs
    [MYSQL_HOME] => \xampp\mysql\bin
    [OPENSSL_CONF] => C:/xampp/apache/bin/openssl.cnf
    [PHP_PEAR_SYSCONF_DIR] => \xampp\php
    [PHPRC] => \xampp\php
    [TMP] => \xampp\tmp
    [HTTP_HOST] => 10.0.2.2
    [HTTP_CONNECTION] => Keep-Alive
    [HTTP_ACCEPT_ENCODING] => gzip
    [HTTP_USER_AGENT] => okhttp/4.10.0
    [PATH] => C:\Program Files\NVIDIA\CUDNN\v9.5\bin;C:\Program Files\NVIDIA GPU Computing Toolkit\CUDA\v12.1\bin;C:\Program Files\NVIDIA GPU Computing Toolkit\CUDA\v12.1\libnvvp;C:\Program Files\Microsoft MPI\Bin\;C:\Program Files\Microsoft\jdk-11.0.16.101-hotspot\bin;C:\Program Files\dotnet\;C:\ProgramData\Oracle\Java\javapath;C:\Windows\system32;C:\Windows;C:\Windows\System32\Wbem;C:\Windows\System32\WindowsPowerShell\v1.0\;C:\Windows\System32\OpenSSH\;C:\Program Files\NVIDIA Corporation\NVIDIA NvDLISR;C:\Program Files (x86)\NVIDIA Corporation\PhysX\Common;C:\Program Files\Microsoft SQL Server\Client SDK\ODBC\170\Tools\Binn\;C:\Users\dead inside\Documents\is lab 7\bin;C:\Users\dead inside\Downloads\apache-maven-3.9.11-bin\bin;C:\Program Files\NVIDIA Corporation\Nsight Compute 2023.1.1\;C:\Program Files\Git\cmd;D:\nodejs\;C:\Program Files\Docker\Docker\resources\bin;C:\Users\dead inside\.cargo\bin;C:\Users\dead inside\AppData\Local\Programs\Python\Python38\Scripts\;C:\Users\dead inside\AppData\Local\Programs\Python\Python38\;C:\Users\dead inside\AppData\Local\Programs\Python\Python38-32\Scripts\;C:\Users\dead inside\AppData\Local\Programs\Python\Python38-32\;C:\Users\dead inside\AppData\Local\Programs\Python\Python312\Scripts\;C:\Users\dead inside\AppData\Local\Programs\Python\Python312\;C:\Users\dead inside\AppData\Local\Microsoft\WindowsApps;C:\Users\dead inside\.dotnet\tools;C:\Program Files\Azure Data Studio\bin;D:\vs code\Microsoft VS Code\bin;C:\Users\dead inside\.dotnet\tools;C:\Users\dead inside\AppData\Local\Android\Sdk\platform-tools;C:\Users\dead inside\AppData\Local\Android\Sdk\tools;C:\Users\dead inside\AppData\Local\Android\Sdk\tools\bin;C:\Users\dead inside\AppData\Local\Android\Sdk\emulator;C:\Users\dead inside\Downloads\apache-maven-3.9.11-bin\bin;C:\Users\dead inside\AppData\Roaming\npm
    [SystemRoot] => C:\Windows
    [COMSPEC] => C:\Windows\system32\cmd.exe
    [PATHEXT] => .COM;.EXE;.BAT;.CMD;.VBS;.VBE;.JS;.JSE;.WSF;.WSH;.MSC
    [WINDIR] => C:\Windows
    [SERVER_SIGNATURE] => <address>Apache/2.4.58 (Win64) OpenSSL/3.1.3 PHP/8.2.12 Server at 10.0.2.2 Port 80</address>

    [SERVER_SOFTWARE] => Apache/2.4.58 (Win64) OpenSSL/3.1.3 PHP/8.2.12
    [SERVER_NAME] => 10.0.2.2
    [SERVER_ADDR] => 127.0.0.1
    [SERVER_PORT] => 80
    [REMOTE_ADDR] => 127.0.0.1
    [DOCUMENT_ROOT] => C:/xampp/htdocs
    [REQUEST_SCHEME] => http
    [CONTEXT_PREFIX] => 
    [CONTEXT_DOCUMENT_ROOT] => C:/xampp/htdocs
    [SERVER_ADMIN] => postmaster@localhost
    [SCRIPT_FILENAME] => C:/xampp/htdocs/taskmanager_api/api/tasks.php
    [REMOTE_PORT] => 49615
    [GATEWAY_INTERFACE] => CGI/1.1
    [SERVER_PROTOCOL] => HTTP/1.1
    [REQUEST_METHOD] => GET
    [QUERY_STRING] => user_id=0
    [REQUEST_URI] => /taskmanager_api/api/tasks.php?user_id=0
    [SCRIPT_NAME] => /taskmanager_api/api/tasks.php
    [PHP_SELF] => /taskmanager_api/api/tasks.php
    [REQUEST_TIME_FLOAT] => 1765396859.7867
    [REQUEST_TIME] => 1765396859
)

[10-Dec-2025 21:00:59 Europe/Berlin] === TASKS API CALL ===
[10-Dec-2025 21:00:59 Europe/Berlin] Method: GET
[10-Dec-2025 21:00:59 Europe/Berlin] Time: 2025-12-10 21:00:59
[10-Dec-2025 21:00:59 Europe/Berlin] GET params: Array
(
    [user_id] => 0
)

[10-Dec-2025 21:00:59 Europe/Berlin] Request body: 
[10-Dec-2025 21:00:59 Europe/Berlin] Database connection successful to taskmanager
[10-Dec-2025 21:00:59 Europe/Berlin] Getting tasks for user_id: 0
[10-Dec-2025 21:00:59 Europe/Berlin] Found 0 tasks for user 0
[10-Dec-2025 21:00:59 Europe/Berlin] === TASKS API CALL END ===

[10-Dec-2025 21:01:19 Europe/Berlin] === TASKS.PHP START ===
[10-Dec-2025 21:01:19 Europe/Berlin] Time: 2025-12-10 21:01:19
[10-Dec-2025 21:01:19 Europe/Berlin] GET: Array
(
    [user_id] => 0
)

[10-Dec-2025 21:01:19 Europe/Berlin] SERVER: Array
(
    [MIBDIRS] => C:/xampp/php/extras/mibs
    [MYSQL_HOME] => \xampp\mysql\bin
    [OPENSSL_CONF] => C:/xampp/apache/bin/openssl.cnf
    [PHP_PEAR_SYSCONF_DIR] => \xampp\php
    [PHPRC] => \xampp\php
    [TMP] => \xampp\tmp
    [HTTP_HOST] => 10.0.2.2
    [HTTP_CONNECTION] => Keep-Alive
    [HTTP_ACCEPT_ENCODING] => gzip
    [HTTP_USER_AGENT] => okhttp/4.10.0
    [PATH] => C:\Program Files\NVIDIA\CUDNN\v9.5\bin;C:\Program Files\NVIDIA GPU Computing Toolkit\CUDA\v12.1\bin;C:\Program Files\NVIDIA GPU Computing Toolkit\CUDA\v12.1\libnvvp;C:\Program Files\Microsoft MPI\Bin\;C:\Program Files\Microsoft\jdk-11.0.16.101-hotspot\bin;C:\Program Files\dotnet\;C:\ProgramData\Oracle\Java\javapath;C:\Windows\system32;C:\Windows;C:\Windows\System32\Wbem;C:\Windows\System32\WindowsPowerShell\v1.0\;C:\Windows\System32\OpenSSH\;C:\Program Files\NVIDIA Corporation\NVIDIA NvDLISR;C:\Program Files (x86)\NVIDIA Corporation\PhysX\Common;C:\Program Files\Microsoft SQL Server\Client SDK\ODBC\170\Tools\Binn\;C:\Users\dead inside\Documents\is lab 7\bin;C:\Users\dead inside\Downloads\apache-maven-3.9.11-bin\bin;C:\Program Files\NVIDIA Corporation\Nsight Compute 2023.1.1\;C:\Program Files\Git\cmd;D:\nodejs\;C:\Program Files\Docker\Docker\resources\bin;C:\Users\dead inside\.cargo\bin;C:\Users\dead inside\AppData\Local\Programs\Python\Python38\Scripts\;C:\Users\dead inside\AppData\Local\Programs\Python\Python38\;C:\Users\dead inside\AppData\Local\Programs\Python\Python38-32\Scripts\;C:\Users\dead inside\AppData\Local\Programs\Python\Python38-32\;C:\Users\dead inside\AppData\Local\Programs\Python\Python312\Scripts\;C:\Users\dead inside\AppData\Local\Programs\Python\Python312\;C:\Users\dead inside\AppData\Local\Microsoft\WindowsApps;C:\Users\dead inside\.dotnet\tools;C:\Program Files\Azure Data Studio\bin;D:\vs code\Microsoft VS Code\bin;C:\Users\dead inside\.dotnet\tools;C:\Users\dead inside\AppData\Local\Android\Sdk\platform-tools;C:\Users\dead inside\AppData\Local\Android\Sdk\tools;C:\Users\dead inside\AppData\Local\Android\Sdk\tools\bin;C:\Users\dead inside\AppData\Local\Android\Sdk\emulator;C:\Users\dead inside\Downloads\apache-maven-3.9.11-bin\bin;C:\Users\dead inside\AppData\Roaming\npm
    [SystemRoot] => C:\Windows
    [COMSPEC] => C:\Windows\system32\cmd.exe
    [PATHEXT] => .COM;.EXE;.BAT;.CMD;.VBS;.VBE;.JS;.JSE;.WSF;.WSH;.MSC
    [WINDIR] => C:\Windows
    [SERVER_SIGNATURE] => <address>Apache/2.4.58 (Win64) OpenSSL/3.1.3 PHP/8.2.12 Server at 10.0.2.2 Port 80</address>

    [SERVER_SOFTWARE] => Apache/2.4.58 (Win64) OpenSSL/3.1.3 PHP/8.2.12
    [SERVER_NAME] => 10.0.2.2
    [SERVER_ADDR] => 127.0.0.1
    [SERVER_PORT] => 80
    [REMOTE_ADDR] => 127.0.0.1
    [DOCUMENT_ROOT] => C:/xampp/htdocs
    [REQUEST_SCHEME] => http
    [CONTEXT_PREFIX] => 
    [CONTEXT_DOCUMENT_ROOT] => C:/xampp/htdocs
    [SERVER_ADMIN] => postmaster@localhost
    [SCRIPT_FILENAME] => C:/xampp/htdocs/taskmanager_api/api/tasks.php
    [REMOTE_PORT] => 49640
    [GATEWAY_INTERFACE] => CGI/1.1
    [SERVER_PROTOCOL] => HTTP/1.1
    [REQUEST_METHOD] => GET
    [QUERY_STRING] => user_id=0
    [REQUEST_URI] => /taskmanager_api/api/tasks.php?user_id=0
    [SCRIPT_NAME] => /taskmanager_api/api/tasks.php
    [PHP_SELF] => /taskmanager_api/api/tasks.php
    [REQUEST_TIME_FLOAT] => 1765396879.7807
    [REQUEST_TIME] => 1765396879
)

[10-Dec-2025 21:01:19 Europe/Berlin] === TASKS API CALL ===
[10-Dec-2025 21:01:19 Europe/Berlin] Method: GET
[10-Dec-2025 21:01:19 Europe/Berlin] Time: 2025-12-10 21:01:19
[10-Dec-2025 21:01:19 Europe/Berlin] GET params: Array
(
    [user_id] => 0
)

[10-Dec-2025 21:01:19 Europe/Berlin] Request body: 
[10-Dec-2025 21:01:19 Europe/Berlin] Database connection successful to taskmanager
[10-Dec-2025 21:01:19 Europe/Berlin] Getting tasks for user_id: 0
[10-Dec-2025 21:01:19 Europe/Berlin] Found 0 tasks for user 0
[10-Dec-2025 21:01:19 Europe/Berlin] === TASKS API CALL END ===

[10-Dec-2025 21:01:21 Europe/Berlin] === TASKS.PHP START ===
[10-Dec-2025 21:01:21 Europe/Berlin] Time: 2025-12-10 21:01:21
[10-Dec-2025 21:01:21 Europe/Berlin] GET: Array
(
    [user_id] => 0
)

[10-Dec-2025 21:01:21 Europe/Berlin] SERVER: Array
(
    [MIBDIRS] => C:/xampp/php/extras/mibs
    [MYSQL_HOME] => \xampp\mysql\bin
    [OPENSSL_CONF] => C:/xampp/apache/bin/openssl.cnf
    [PHP_PEAR_SYSCONF_DIR] => \xampp\php
    [PHPRC] => \xampp\php
    [TMP] => \xampp\tmp
    [HTTP_HOST] => 10.0.2.2
    [HTTP_CONNECTION] => Keep-Alive
    [HTTP_ACCEPT_ENCODING] => gzip
    [HTTP_USER_AGENT] => okhttp/4.10.0
    [PATH] => C:\Program Files\NVIDIA\CUDNN\v9.5\bin;C:\Program Files\NVIDIA GPU Computing Toolkit\CUDA\v12.1\bin;C:\Program Files\NVIDIA GPU Computing Toolkit\CUDA\v12.1\libnvvp;C:\Program Files\Microsoft MPI\Bin\;C:\Program Files\Microsoft\jdk-11.0.16.101-hotspot\bin;C:\Program Files\dotnet\;C:\ProgramData\Oracle\Java\javapath;C:\Windows\system32;C:\Windows;C:\Windows\System32\Wbem;C:\Windows\System32\WindowsPowerShell\v1.0\;C:\Windows\System32\OpenSSH\;C:\Program Files\NVIDIA Corporation\NVIDIA NvDLISR;C:\Program Files (x86)\NVIDIA Corporation\PhysX\Common;C:\Program Files\Microsoft SQL Server\Client SDK\ODBC\170\Tools\Binn\;C:\Users\dead inside\Documents\is lab 7\bin;C:\Users\dead inside\Downloads\apache-maven-3.9.11-bin\bin;C:\Program Files\NVIDIA Corporation\Nsight Compute 2023.1.1\;C:\Program Files\Git\cmd;D:\nodejs\;C:\Program Files\Docker\Docker\resources\bin;C:\Users\dead inside\.cargo\bin;C:\Users\dead inside\AppData\Local\Programs\Python\Python38\Scripts\;C:\Users\dead inside\AppData\Local\Programs\Python\Python38\;C:\Users\dead inside\AppData\Local\Programs\Python\Python38-32\Scripts\;C:\Users\dead inside\AppData\Local\Programs\Python\Python38-32\;C:\Users\dead inside\AppData\Local\Programs\Python\Python312\Scripts\;C:\Users\dead inside\AppData\Local\Programs\Python\Python312\;C:\Users\dead inside\AppData\Local\Microsoft\WindowsApps;C:\Users\dead inside\.dotnet\tools;C:\Program Files\Azure Data Studio\bin;D:\vs code\Microsoft VS Code\bin;C:\Users\dead inside\.dotnet\tools;C:\Users\dead inside\AppData\Local\Android\Sdk\platform-tools;C:\Users\dead inside\AppData\Local\Android\Sdk\tools;C:\Users\dead inside\AppData\Local\Android\Sdk\tools\bin;C:\Users\dead inside\AppData\Local\Android\Sdk\emulator;C:\Users\dead inside\Downloads\apache-maven-3.9.11-bin\bin;C:\Users\dead inside\AppData\Roaming\npm
    [SystemRoot] => C:\Windows
    [COMSPEC] => C:\Windows\system32\cmd.exe
    [PATHEXT] => .COM;.EXE;.BAT;.CMD;.VBS;.VBE;.JS;.JSE;.WSF;.WSH;.MSC
    [WINDIR] => C:\Windows
    [SERVER_SIGNATURE] => <address>Apache/2.4.58 (Win64) OpenSSL/3.1.3 PHP/8.2.12 Server at 10.0.2.2 Port 80</address>

    [SERVER_SOFTWARE] => Apache/2.4.58 (Win64) OpenSSL/3.1.3 PHP/8.2.12
    [SERVER_NAME] => 10.0.2.2
    [SERVER_ADDR] => 127.0.0.1
    [SERVER_PORT] => 80
    [REMOTE_ADDR] => 127.0.0.1
    [DOCUMENT_ROOT] => C:/xampp/htdocs
    [REQUEST_SCHEME] => http
    [CONTEXT_PREFIX] => 
    [CONTEXT_DOCUMENT_ROOT] => C:/xampp/htdocs
    [SERVER_ADMIN] => postmaster@localhost
    [SCRIPT_FILENAME] => C:/xampp/htdocs/taskmanager_api/api/tasks.php
    [REMOTE_PORT] => 49640
    [GATEWAY_INTERFACE] => CGI/1.1
    [SERVER_PROTOCOL] => HTTP/1.1
    [REQUEST_METHOD] => GET
    [QUERY_STRING] => user_id=0
    [REQUEST_URI] => /taskmanager_api/api/tasks.php?user_id=0
    [SCRIPT_NAME] => /taskmanager_api/api/tasks.php
    [PHP_SELF] => /taskmanager_api/api/tasks.php
    [REQUEST_TIME_FLOAT] => 1765396881.5789
    [REQUEST_TIME] => 1765396881
)

[10-Dec-2025 21:01:21 Europe/Berlin] === TASKS API CALL ===
[10-Dec-2025 21:01:21 Europe/Berlin] Method: GET
[10-Dec-2025 21:01:21 Europe/Berlin] Time: 2025-12-10 21:01:21
[10-Dec-2025 21:01:21 Europe/Berlin] GET params: Array
(
    [user_id] => 0
)

[10-Dec-2025 21:01:21 Europe/Berlin] Request body: 
[10-Dec-2025 21:01:21 Europe/Berlin] Database connection successful to taskmanager
[10-Dec-2025 21:01:21 Europe/Berlin] Getting tasks for user_id: 0
[10-Dec-2025 21:01:21 Europe/Berlin] Found 0 tasks for user 0
[10-Dec-2025 21:01:21 Europe/Berlin] === TASKS API CALL END ===

[10-Dec-2025 21:01:21 Europe/Berlin] === TASKS.PHP START ===
[10-Dec-2025 21:01:21 Europe/Berlin] Time: 2025-12-10 21:01:21
[10-Dec-2025 21:01:21 Europe/Berlin] GET: Array
(
    [user_id] => 0
)

[10-Dec-2025 21:01:21 Europe/Berlin] SERVER: Array
(
    [MIBDIRS] => C:/xampp/php/extras/mibs
    [MYSQL_HOME] => \xampp\mysql\bin
    [OPENSSL_CONF] => C:/xampp/apache/bin/openssl.cnf
    [PHP_PEAR_SYSCONF_DIR] => \xampp\php
    [PHPRC] => \xampp\php
    [TMP] => \xampp\tmp
    [HTTP_HOST] => 10.0.2.2
    [HTTP_CONNECTION] => Keep-Alive
    [HTTP_ACCEPT_ENCODING] => gzip
    [HTTP_USER_AGENT] => okhttp/4.10.0
    [PATH] => C:\Program Files\NVIDIA\CUDNN\v9.5\bin;C:\Program Files\NVIDIA GPU Computing Toolkit\CUDA\v12.1\bin;C:\Program Files\NVIDIA GPU Computing Toolkit\CUDA\v12.1\libnvvp;C:\Program Files\Microsoft MPI\Bin\;C:\Program Files\Microsoft\jdk-11.0.16.101-hotspot\bin;C:\Program Files\dotnet\;C:\ProgramData\Oracle\Java\javapath;C:\Windows\system32;C:\Windows;C:\Windows\System32\Wbem;C:\Windows\System32\WindowsPowerShell\v1.0\;C:\Windows\System32\OpenSSH\;C:\Program Files\NVIDIA Corporation\NVIDIA NvDLISR;C:\Program Files (x86)\NVIDIA Corporation\PhysX\Common;C:\Program Files\Microsoft SQL Server\Client SDK\ODBC\170\Tools\Binn\;C:\Users\dead inside\Documents\is lab 7\bin;C:\Users\dead inside\Downloads\apache-maven-3.9.11-bin\bin;C:\Program Files\NVIDIA Corporation\Nsight Compute 2023.1.1\;C:\Program Files\Git\cmd;D:\nodejs\;C:\Program Files\Docker\Docker\resources\bin;C:\Users\dead inside\.cargo\bin;C:\Users\dead inside\AppData\Local\Programs\Python\Python38\Scripts\;C:\Users\dead inside\AppData\Local\Programs\Python\Python38\;C:\Users\dead inside\AppData\Local\Programs\Python\Python38-32\Scripts\;C:\Users\dead inside\AppData\Local\Programs\Python\Python38-32\;C:\Users\dead inside\AppData\Local\Programs\Python\Python312\Scripts\;C:\Users\dead inside\AppData\Local\Programs\Python\Python312\;C:\Users\dead inside\AppData\Local\Microsoft\WindowsApps;C:\Users\dead inside\.dotnet\tools;C:\Program Files\Azure Data Studio\bin;D:\vs code\Microsoft VS Code\bin;C:\Users\dead inside\.dotnet\tools;C:\Users\dead inside\AppData\Local\Android\Sdk\platform-tools;C:\Users\dead inside\AppData\Local\Android\Sdk\tools;C:\Users\dead inside\AppData\Local\Android\Sdk\tools\bin;C:\Users\dead inside\AppData\Local\Android\Sdk\emulator;C:\Users\dead inside\Downloads\apache-maven-3.9.11-bin\bin;C:\Users\dead inside\AppData\Roaming\npm
    [SystemRoot] => C:\Windows
    [COMSPEC] => C:\Windows\system32\cmd.exe
    [PATHEXT] => .COM;.EXE;.BAT;.CMD;.VBS;.VBE;.JS;.JSE;.WSF;.WSH;.MSC
    [WINDIR] => C:\Windows
    [SERVER_SIGNATURE] => <address>Apache/2.4.58 (Win64) OpenSSL/3.1.3 PHP/8.2.12 Server at 10.0.2.2 Port 80</address>

    [SERVER_SOFTWARE] => Apache/2.4.58 (Win64) OpenSSL/3.1.3 PHP/8.2.12
    [SERVER_NAME] => 10.0.2.2
    [SERVER_ADDR] => 127.0.0.1
    [SERVER_PORT] => 80
    [REMOTE_ADDR] => 127.0.0.1
    [DOCUMENT_ROOT] => C:/xampp/htdocs
    [REQUEST_SCHEME] => http
    [CONTEXT_PREFIX] => 
    [CONTEXT_DOCUMENT_ROOT] => C:/xampp/htdocs
    [SERVER_ADMIN] => postmaster@localhost
    [SCRIPT_FILENAME] => C:/xampp/htdocs/taskmanager_api/api/tasks.php
    [REMOTE_PORT] => 49643
    [GATEWAY_INTERFACE] => CGI/1.1
    [SERVER_PROTOCOL] => HTTP/1.1
    [REQUEST_METHOD] => GET
    [QUERY_STRING] => user_id=0
    [REQUEST_URI] => /taskmanager_api/api/tasks.php?user_id=0
    [SCRIPT_NAME] => /taskmanager_api/api/tasks.php
    [PHP_SELF] => /taskmanager_api/api/tasks.php
    [REQUEST_TIME_FLOAT] => 1765396881.5879
    [REQUEST_TIME] => 1765396881
)

[10-Dec-2025 21:01:21 Europe/Berlin] === TASKS API CALL ===
[10-Dec-2025 21:01:21 Europe/Berlin] Method: GET
[10-Dec-2025 21:01:21 Europe/Berlin] Time: 2025-12-10 21:01:21
[10-Dec-2025 21:01:21 Europe/Berlin] GET params: Array
(
    [user_id] => 0
)

[10-Dec-2025 21:01:21 Europe/Berlin] Request body: 
[10-Dec-2025 21:01:21 Europe/Berlin] Database connection successful to taskmanager
[10-Dec-2025 21:01:21 Europe/Berlin] Getting tasks for user_id: 0
[10-Dec-2025 21:01:21 Europe/Berlin] Found 0 tasks for user 0
[10-Dec-2025 21:01:21 Europe/Berlin] === TASKS API CALL END ===

[10-Dec-2025 21:01:22 Europe/Berlin] === TASKS.PHP START ===
[10-Dec-2025 21:01:22 Europe/Berlin] Time: 2025-12-10 21:01:22
[10-Dec-2025 21:01:22 Europe/Berlin] GET: Array
(
    [user_id] => 0
)

[10-Dec-2025 21:01:22 Europe/Berlin] SERVER: Array
(
    [MIBDIRS] => C:/xampp/php/extras/mibs
    [MYSQL_HOME] => \xampp\mysql\bin
    [OPENSSL_CONF] => C:/xampp/apache/bin/openssl.cnf
    [PHP_PEAR_SYSCONF_DIR] => \xampp\php
    [PHPRC] => \xampp\php
    [TMP] => \xampp\tmp
    [HTTP_HOST] => 10.0.2.2
    [HTTP_CONNECTION] => Keep-Alive
    [HTTP_ACCEPT_ENCODING] => gzip
    [HTTP_USER_AGENT] => okhttp/4.10.0
    [PATH] => C:\Program Files\NVIDIA\CUDNN\v9.5\bin;C:\Program Files\NVIDIA GPU Computing Toolkit\CUDA\v12.1\bin;C:\Program Files\NVIDIA GPU Computing Toolkit\CUDA\v12.1\libnvvp;C:\Program Files\Microsoft MPI\Bin\;C:\Program Files\Microsoft\jdk-11.0.16.101-hotspot\bin;C:\Program Files\dotnet\;C:\ProgramData\Oracle\Java\javapath;C:\Windows\system32;C:\Windows;C:\Windows\System32\Wbem;C:\Windows\System32\WindowsPowerShell\v1.0\;C:\Windows\System32\OpenSSH\;C:\Program Files\NVIDIA Corporation\NVIDIA NvDLISR;C:\Program Files (x86)\NVIDIA Corporation\PhysX\Common;C:\Program Files\Microsoft SQL Server\Client SDK\ODBC\170\Tools\Binn\;C:\Users\dead inside\Documents\is lab 7\bin;C:\Users\dead inside\Downloads\apache-maven-3.9.11-bin\bin;C:\Program Files\NVIDIA Corporation\Nsight Compute 2023.1.1\;C:\Program Files\Git\cmd;D:\nodejs\;C:\Program Files\Docker\Docker\resources\bin;C:\Users\dead inside\.cargo\bin;C:\Users\dead inside\AppData\Local\Programs\Python\Python38\Scripts\;C:\Users\dead inside\AppData\Local\Programs\Python\Python38\;C:\Users\dead inside\AppData\Local\Programs\Python\Python38-32\Scripts\;C:\Users\dead inside\AppData\Local\Programs\Python\Python38-32\;C:\Users\dead inside\AppData\Local\Programs\Python\Python312\Scripts\;C:\Users\dead inside\AppData\Local\Programs\Python\Python312\;C:\Users\dead inside\AppData\Local\Microsoft\WindowsApps;C:\Users\dead inside\.dotnet\tools;C:\Program Files\Azure Data Studio\bin;D:\vs code\Microsoft VS Code\bin;C:\Users\dead inside\.dotnet\tools;C:\Users\dead inside\AppData\Local\Android\Sdk\platform-tools;C:\Users\dead inside\AppData\Local\Android\Sdk\tools;C:\Users\dead inside\AppData\Local\Android\Sdk\tools\bin;C:\Users\dead inside\AppData\Local\Android\Sdk\emulator;C:\Users\dead inside\Downloads\apache-maven-3.9.11-bin\bin;C:\Users\dead inside\AppData\Roaming\npm
    [SystemRoot] => C:\Windows
    [COMSPEC] => C:\Windows\system32\cmd.exe
    [PATHEXT] => .COM;.EXE;.BAT;.CMD;.VBS;.VBE;.JS;.JSE;.WSF;.WSH;.MSC
    [WINDIR] => C:\Windows
    [SERVER_SIGNATURE] => <address>Apache/2.4.58 (Win64) OpenSSL/3.1.3 PHP/8.2.12 Server at 10.0.2.2 Port 80</address>

    [SERVER_SOFTWARE] => Apache/2.4.58 (Win64) OpenSSL/3.1.3 PHP/8.2.12
    [SERVER_NAME] => 10.0.2.2
    [SERVER_ADDR] => 127.0.0.1
    [SERVER_PORT] => 80
    [REMOTE_ADDR] => 127.0.0.1
    [DOCUMENT_ROOT] => C:/xampp/htdocs
    [REQUEST_SCHEME] => http
    [CONTEXT_PREFIX] => 
    [CONTEXT_DOCUMENT_ROOT] => C:/xampp/htdocs
    [SERVER_ADMIN] => postmaster@localhost
    [SCRIPT_FILENAME] => C:/xampp/htdocs/taskmanager_api/api/tasks.php
    [REMOTE_PORT] => 49640
    [GATEWAY_INTERFACE] => CGI/1.1
    [SERVER_PROTOCOL] => HTTP/1.1
    [REQUEST_METHOD] => GET
    [QUERY_STRING] => user_id=0
    [REQUEST_URI] => /taskmanager_api/api/tasks.php?user_id=0
    [SCRIPT_NAME] => /taskmanager_api/api/tasks.php
    [PHP_SELF] => /taskmanager_api/api/tasks.php
    [REQUEST_TIME_FLOAT] => 1765396882.9837
    [REQUEST_TIME] => 1765396882
)

[10-Dec-2025 21:01:22 Europe/Berlin] === TASKS API CALL ===
[10-Dec-2025 21:01:22 Europe/Berlin] Method: GET
[10-Dec-2025 21:01:22 Europe/Berlin] Time: 2025-12-10 21:01:22
[10-Dec-2025 21:01:22 Europe/Berlin] GET params: Array
(
    [user_id] => 0
)

[10-Dec-2025 21:01:22 Europe/Berlin] Request body: 
[10-Dec-2025 21:01:22 Europe/Berlin] Database connection successful to taskmanager
[10-Dec-2025 21:01:22 Europe/Berlin] Getting tasks for user_id: 0
[10-Dec-2025 21:01:22 Europe/Berlin] Found 0 tasks for user 0
[10-Dec-2025 21:01:22 Europe/Berlin] === TASKS API CALL END ===

[10-Dec-2025 21:01:46 Europe/Berlin] === TASKS.PHP START ===
[10-Dec-2025 21:01:46 Europe/Berlin] Time: 2025-12-10 21:01:46
[10-Dec-2025 21:01:46 Europe/Berlin] GET: Array
(
    [user_id] => 1
)

[10-Dec-2025 21:01:46 Europe/Berlin] SERVER: Array
(
    [MIBDIRS] => C:/xampp/php/extras/mibs
    [MYSQL_HOME] => \xampp\mysql\bin
    [OPENSSL_CONF] => C:/xampp/apache/bin/openssl.cnf
    [PHP_PEAR_SYSCONF_DIR] => \xampp\php
    [PHPRC] => \xampp\php
    [TMP] => \xampp\tmp
    [HTTP_HOST] => 10.0.2.2
    [HTTP_CONNECTION] => Keep-Alive
    [HTTP_ACCEPT_ENCODING] => gzip
    [HTTP_USER_AGENT] => okhttp/4.10.0
    [PATH] => C:\Program Files\NVIDIA\CUDNN\v9.5\bin;C:\Program Files\NVIDIA GPU Computing Toolkit\CUDA\v12.1\bin;C:\Program Files\NVIDIA GPU Computing Toolkit\CUDA\v12.1\libnvvp;C:\Program Files\Microsoft MPI\Bin\;C:\Program Files\Microsoft\jdk-11.0.16.101-hotspot\bin;C:\Program Files\dotnet\;C:\ProgramData\Oracle\Java\javapath;C:\Windows\system32;C:\Windows;C:\Windows\System32\Wbem;C:\Windows\System32\WindowsPowerShell\v1.0\;C:\Windows\System32\OpenSSH\;C:\Program Files\NVIDIA Corporation\NVIDIA NvDLISR;C:\Program Files (x86)\NVIDIA Corporation\PhysX\Common;C:\Program Files\Microsoft SQL Server\Client SDK\ODBC\170\Tools\Binn\;C:\Users\dead inside\Documents\is lab 7\bin;C:\Users\dead inside\Downloads\apache-maven-3.9.11-bin\bin;C:\Program Files\NVIDIA Corporation\Nsight Compute 2023.1.1\;C:\Program Files\Git\cmd;D:\nodejs\;C:\Program Files\Docker\Docker\resources\bin;C:\Users\dead inside\.cargo\bin;C:\Users\dead inside\AppData\Local\Programs\Python\Python38\Scripts\;C:\Users\dead inside\AppData\Local\Programs\Python\Python38\;C:\Users\dead inside\AppData\Local\Programs\Python\Python38-32\Scripts\;C:\Users\dead inside\AppData\Local\Programs\Python\Python38-32\;C:\Users\dead inside\AppData\Local\Programs\Python\Python312\Scripts\;C:\Users\dead inside\AppData\Local\Programs\Python\Python312\;C:\Users\dead inside\AppData\Local\Microsoft\WindowsApps;C:\Users\dead inside\.dotnet\tools;C:\Program Files\Azure Data Studio\bin;D:\vs code\Microsoft VS Code\bin;C:\Users\dead inside\.dotnet\tools;C:\Users\dead inside\AppData\Local\Android\Sdk\platform-tools;C:\Users\dead inside\AppData\Local\Android\Sdk\tools;C:\Users\dead inside\AppData\Local\Android\Sdk\tools\bin;C:\Users\dead inside\AppData\Local\Android\Sdk\emulator;C:\Users\dead inside\Downloads\apache-maven-3.9.11-bin\bin;C:\Users\dead inside\AppData\Roaming\npm
    [SystemRoot] => C:\Windows
    [COMSPEC] => C:\Windows\system32\cmd.exe
    [PATHEXT] => .COM;.EXE;.BAT;.CMD;.VBS;.VBE;.JS;.JSE;.WSF;.WSH;.MSC
    [WINDIR] => C:\Windows
    [SERVER_SIGNATURE] => <address>Apache/2.4.58 (Win64) OpenSSL/3.1.3 PHP/8.2.12 Server at 10.0.2.2 Port 80</address>

    [SERVER_SOFTWARE] => Apache/2.4.58 (Win64) OpenSSL/3.1.3 PHP/8.2.12
    [SERVER_NAME] => 10.0.2.2
    [SERVER_ADDR] => 127.0.0.1
    [SERVER_PORT] => 80
    [REMOTE_ADDR] => 127.0.0.1
    [DOCUMENT_ROOT] => C:/xampp/htdocs
    [REQUEST_SCHEME] => http
    [CONTEXT_PREFIX] => 
    [CONTEXT_DOCUMENT_ROOT] => C:/xampp/htdocs
    [SERVER_ADMIN] => postmaster@localhost
    [SCRIPT_FILENAME] => C:/xampp/htdocs/taskmanager_api/api/tasks.php
    [REMOTE_PORT] => 49661
    [GATEWAY_INTERFACE] => CGI/1.1
    [SERVER_PROTOCOL] => HTTP/1.1
    [REQUEST_METHOD] => GET
    [QUERY_STRING] => user_id=1
    [REQUEST_URI] => /taskmanager_api/api/tasks.php?user_id=1
    [SCRIPT_NAME] => /taskmanager_api/api/tasks.php
    [PHP_SELF] => /taskmanager_api/api/tasks.php
    [REQUEST_TIME_FLOAT] => 1765396906.238
    [REQUEST_TIME] => 1765396906
)

[10-Dec-2025 21:01:46 Europe/Berlin] === TASKS API CALL ===
[10-Dec-2025 21:01:46 Europe/Berlin] Method: GET
[10-Dec-2025 21:01:46 Europe/Berlin] Time: 2025-12-10 21:01:46
[10-Dec-2025 21:01:46 Europe/Berlin] GET params: Array
(
    [user_id] => 1
)

[10-Dec-2025 21:01:46 Europe/Berlin] Request body: 
[10-Dec-2025 21:01:46 Europe/Berlin] Database connection successful to taskmanager
[10-Dec-2025 21:01:46 Europe/Berlin] Getting tasks for user_id: 1
[10-Dec-2025 21:01:46 Europe/Berlin] Found 2 tasks for user 1
[10-Dec-2025 21:01:46 Europe/Berlin] === TASKS API CALL END ===

[10-Dec-2025 21:01:46 Europe/Berlin] === TASKS.PHP START ===
[10-Dec-2025 21:01:46 Europe/Berlin] Time: 2025-12-10 21:01:46
[10-Dec-2025 21:01:46 Europe/Berlin] GET: Array
(
    [user_id] => 1
)

[10-Dec-2025 21:01:46 Europe/Berlin] SERVER: Array
(
    [MIBDIRS] => C:/xampp/php/extras/mibs
    [MYSQL_HOME] => \xampp\mysql\bin
    [OPENSSL_CONF] => C:/xampp/apache/bin/openssl.cnf
    [PHP_PEAR_SYSCONF_DIR] => \xampp\php
    [PHPRC] => \xampp\php
    [TMP] => \xampp\tmp
    [HTTP_HOST] => 10.0.2.2
    [HTTP_CONNECTION] => Keep-Alive
    [HTTP_ACCEPT_ENCODING] => gzip
    [HTTP_USER_AGENT] => okhttp/4.10.0
    [PATH] => C:\Program Files\NVIDIA\CUDNN\v9.5\bin;C:\Program Files\NVIDIA GPU Computing Toolkit\CUDA\v12.1\bin;C:\Program Files\NVIDIA GPU Computing Toolkit\CUDA\v12.1\libnvvp;C:\Program Files\Microsoft MPI\Bin\;C:\Program Files\Microsoft\jdk-11.0.16.101-hotspot\bin;C:\Program Files\dotnet\;C:\ProgramData\Oracle\Java\javapath;C:\Windows\system32;C:\Windows;C:\Windows\System32\Wbem;C:\Windows\System32\WindowsPowerShell\v1.0\;C:\Windows\System32\OpenSSH\;C:\Program Files\NVIDIA Corporation\NVIDIA NvDLISR;C:\Program Files (x86)\NVIDIA Corporation\PhysX\Common;C:\Program Files\Microsoft SQL Server\Client SDK\ODBC\170\Tools\Binn\;C:\Users\dead inside\Documents\is lab 7\bin;C:\Users\dead inside\Downloads\apache-maven-3.9.11-bin\bin;C:\Program Files\NVIDIA Corporation\Nsight Compute 2023.1.1\;C:\Program Files\Git\cmd;D:\nodejs\;C:\Program Files\Docker\Docker\resources\bin;C:\Users\dead inside\.cargo\bin;C:\Users\dead inside\AppData\Local\Programs\Python\Python38\Scripts\;C:\Users\dead inside\AppData\Local\Programs\Python\Python38\;C:\Users\dead inside\AppData\Local\Programs\Python\Python38-32\Scripts\;C:\Users\dead inside\AppData\Local\Programs\Python\Python38-32\;C:\Users\dead inside\AppData\Local\Programs\Python\Python312\Scripts\;C:\Users\dead inside\AppData\Local\Programs\Python\Python312\;C:\Users\dead inside\AppData\Local\Microsoft\WindowsApps;C:\Users\dead inside\.dotnet\tools;C:\Program Files\Azure Data Studio\bin;D:\vs code\Microsoft VS Code\bin;C:\Users\dead inside\.dotnet\tools;C:\Users\dead inside\AppData\Local\Android\Sdk\platform-tools;C:\Users\dead inside\AppData\Local\Android\Sdk\tools;C:\Users\dead inside\AppData\Local\Android\Sdk\tools\bin;C:\Users\dead inside\AppData\Local\Android\Sdk\emulator;C:\Users\dead inside\Downloads\apache-maven-3.9.11-bin\bin;C:\Users\dead inside\AppData\Roaming\npm
    [SystemRoot] => C:\Windows
    [COMSPEC] => C:\Windows\system32\cmd.exe
    [PATHEXT] => .COM;.EXE;.BAT;.CMD;.VBS;.VBE;.JS;.JSE;.WSF;.WSH;.MSC
    [WINDIR] => C:\Windows
    [SERVER_SIGNATURE] => <address>Apache/2.4.58 (Win64) OpenSSL/3.1.3 PHP/8.2.12 Server at 10.0.2.2 Port 80</address>

    [SERVER_SOFTWARE] => Apache/2.4.58 (Win64) OpenSSL/3.1.3 PHP/8.2.12
    [SERVER_NAME] => 10.0.2.2
    [SERVER_ADDR] => 127.0.0.1
    [SERVER_PORT] => 80
    [REMOTE_ADDR] => 127.0.0.1
    [DOCUMENT_ROOT] => C:/xampp/htdocs
    [REQUEST_SCHEME] => http
    [CONTEXT_PREFIX] => 
    [CONTEXT_DOCUMENT_ROOT] => C:/xampp/htdocs
    [SERVER_ADMIN] => postmaster@localhost
    [SCRIPT_FILENAME] => C:/xampp/htdocs/taskmanager_api/api/tasks.php
    [REMOTE_PORT] => 49661
    [GATEWAY_INTERFACE] => CGI/1.1
    [SERVER_PROTOCOL] => HTTP/1.1
    [REQUEST_METHOD] => GET
    [QUERY_STRING] => user_id=1
    [REQUEST_URI] => /taskmanager_api/api/tasks.php?user_id=1
    [SCRIPT_NAME] => /taskmanager_api/api/tasks.php
    [PHP_SELF] => /taskmanager_api/api/tasks.php
    [REQUEST_TIME_FLOAT] => 1765396906.3537
    [REQUEST_TIME] => 1765396906
)

[10-Dec-2025 21:01:46 Europe/Berlin] === TASKS API CALL ===
[10-Dec-2025 21:01:46 Europe/Berlin] Method: GET
[10-Dec-2025 21:01:46 Europe/Berlin] Time: 2025-12-10 21:01:46
[10-Dec-2025 21:01:46 Europe/Berlin] GET params: Array
(
    [user_id] => 1
)

[10-Dec-2025 21:01:46 Europe/Berlin] Request body: 
[10-Dec-2025 21:01:46 Europe/Berlin] Database connection successful to taskmanager
[10-Dec-2025 21:01:46 Europe/Berlin] Getting tasks for user_id: 1
[10-Dec-2025 21:01:46 Europe/Berlin] Found 2 tasks for user 1
[10-Dec-2025 21:01:46 Europe/Berlin] === TASKS API CALL END ===

[10-Dec-2025 21:01:51 Europe/Berlin] === TASKS.PHP START ===
[10-Dec-2025 21:01:51 Europe/Berlin] === TASKS.PHP START ===
[10-Dec-2025 21:01:51 Europe/Berlin] Time: 2025-12-10 21:01:51
[10-Dec-2025 21:01:51 Europe/Berlin] Time: 2025-12-10 21:01:51
[10-Dec-2025 21:01:51 Europe/Berlin] GET: Array
(
    [user_id] => 1
)

[10-Dec-2025 21:01:51 Europe/Berlin] GET: Array
(
    [user_id] => 1
)

[10-Dec-2025 21:01:51 Europe/Berlin] SERVER: Array
(
    [MIBDIRS] => C:/xampp/php/extras/mibs
    [MYSQL_HOME] => \xampp\mysql\bin
    [OPENSSL_CONF] => C:/xampp/apache/bin/openssl.cnf
    [PHP_PEAR_SYSCONF_DIR] => \xampp\php
    [PHPRC] => \xampp\php
    [TMP] => \xampp\tmp
    [HTTP_HOST] => 10.0.2.2
    [HTTP_CONNECTION] => Keep-Alive
    [HTTP_ACCEPT_ENCODING] => gzip
    [HTTP_USER_AGENT] => okhttp/4.10.0
    [PATH] => C:\Program Files\NVIDIA\CUDNN\v9.5\bin;C:\Program Files\NVIDIA GPU Computing Toolkit\CUDA\v12.1\bin;C:\Program Files\NVIDIA GPU Computing Toolkit\CUDA\v12.1\libnvvp;C:\Program Files\Microsoft MPI\Bin\;C:\Program Files\Microsoft\jdk-11.0.16.101-hotspot\bin;C:\Program Files\dotnet\;C:\ProgramData\Oracle\Java\javapath;C:\Windows\system32;C:\Windows;C:\Windows\System32\Wbem;C:\Windows\System32\WindowsPowerShell\v1.0\;C:\Windows\System32\OpenSSH\;C:\Program Files\NVIDIA Corporation\NVIDIA NvDLISR;C:\Program Files (x86)\NVIDIA Corporation\PhysX\Common;C:\Program Files\Microsoft SQL Server\Client SDK\ODBC\170\Tools\Binn\;C:\Users\dead inside\Documents\is lab 7\bin;C:\Users\dead inside\Downloads\apache-maven-3.9.11-bin\bin;C:\Program Files\NVIDIA Corporation\Nsight Compute 2023.1.1\;C:\Program Files\Git\cmd;D:\nodejs\;C:\Program Files\Docker\Docker\resources\bin;C:\Users\dead inside\.cargo\bin;C:\Users\dead inside\AppData\Local\Programs\Python\Python38\Scripts\;C:\Users\dead inside\AppData\Local\Programs\Python\Python38\;C:\Users\dead inside\AppData\Local\Programs\Python\Python38-32\Scripts\;C:\Users\dead inside\AppData\Local\Programs\Python\Python38-32\;C:\Users\dead inside\AppData\Local\Programs\Python\Python312\Scripts\;C:\Users\dead inside\AppData\Local\Programs\Python\Python312\;C:\Users\dead inside\AppData\Local\Microsoft\WindowsApps;C:\Users\dead inside\.dotnet\tools;C:\Program Files\Azure Data Studio\bin;D:\vs code\Microsoft VS Code\bin;C:\Users\dead inside\.dotnet\tools;C:\Users\dead inside\AppData\Local\Android\Sdk\platform-tools;C:\Users\dead inside\AppData\Local\Android\Sdk\tools;C:\Users\dead inside\AppData\Local\Android\Sdk\tools\bin;C:\Users\dead inside\AppData\Local\Android\Sdk\emulator;C:\Users\dead inside\Downloads\apache-maven-3.9.11-bin\bin;C:\Users\dead inside\AppData\Roaming\npm
    [SystemRoot] => C:\Windows
    [COMSPEC] => C:\Windows\system32\cmd.exe
    [PATHEXT] => .COM;.EXE;.BAT;.CMD;.VBS;.VBE;.JS;.JSE;.WSF;.WSH;.MSC
    [WINDIR] => C:\Windows
    [SERVER_SIGNATURE] => <address>Apache/2.4.58 (Win64) OpenSSL/3.1.3 PHP/8.2.12 Server at 10.0.2.2 Port 80</address>

    [SERVER_SOFTWARE] => Apache/2.4.58 (Win64) OpenSSL/3.1.3 PHP/8.2.12
    [SERVER_NAME] => 10.0.2.2
    [SERVER_ADDR] => 127.0.0.1
    [SERVER_PORT] => 80
    [REMOTE_ADDR] => 127.0.0.1
    [DOCUMENT_ROOT] => C:/xampp/htdocs
    [REQUEST_SCHEME] => http
    [CONTEXT_PREFIX] => 
    [CONTEXT_DOCUMENT_ROOT] => C:/xampp/htdocs
    [SERVER_ADMIN] => postmaster@localhost
    [SCRIPT_FILENAME] => C:/xampp/htdocs/taskmanager_api/api/tasks.php
    [REMOTE_PORT] => 49670
    [GATEWAY_INTERFACE] => CGI/1.1
    [SERVER_PROTOCOL] => HTTP/1.1
    [REQUEST_METHOD] => GET
    [QUERY_STRING] => user_id=1
    [REQUEST_URI] => /taskmanager_api/api/tasks.php?user_id=1
    [SCRIPT_NAME] => /taskmanager_api/api/tasks.php
    [PHP_SELF] => /taskmanager_api/api/tasks.php
    [REQUEST_TIME_FLOAT] => 1765396911.1053
    [REQUEST_TIME] => 1765396911
)

[10-Dec-2025 21:01:51 Europe/Berlin] SERVER: Array
(
    [MIBDIRS] => C:/xampp/php/extras/mibs
    [MYSQL_HOME] => \xampp\mysql\bin
    [OPENSSL_CONF] => C:/xampp/apache/bin/openssl.cnf
    [PHP_PEAR_SYSCONF_DIR] => \xampp\php
    [PHPRC] => \xampp\php
    [TMP] => \xampp\tmp
    [HTTP_HOST] => 10.0.2.2
    [HTTP_CONNECTION] => Keep-Alive
    [HTTP_ACCEPT_ENCODING] => gzip
    [HTTP_USER_AGENT] => okhttp/4.10.0
    [PATH] => C:\Program Files\NVIDIA\CUDNN\v9.5\bin;C:\Program Files\NVIDIA GPU Computing Toolkit\CUDA\v12.1\bin;C:\Program Files\NVIDIA GPU Computing Toolkit\CUDA\v12.1\libnvvp;C:\Program Files\Microsoft MPI\Bin\;C:\Program Files\Microsoft\jdk-11.0.16.101-hotspot\bin;C:\Program Files\dotnet\;C:\ProgramData\Oracle\Java\javapath;C:\Windows\system32;C:\Windows;C:\Windows\System32\Wbem;C:\Windows\System32\WindowsPowerShell\v1.0\;C:\Windows\System32\OpenSSH\;C:\Program Files\NVIDIA Corporation\NVIDIA NvDLISR;C:\Program Files (x86)\NVIDIA Corporation\PhysX\Common;C:\Program Files\Microsoft SQL Server\Client SDK\ODBC\170\Tools\Binn\;C:\Users\dead inside\Documents\is lab 7\bin;C:\Users\dead inside\Downloads\apache-maven-3.9.11-bin\bin;C:\Program Files\NVIDIA Corporation\Nsight Compute 2023.1.1\;C:\Program Files\Git\cmd;D:\nodejs\;C:\Program Files\Docker\Docker\resources\bin;C:\Users\dead inside\.cargo\bin;C:\Users\dead inside\AppData\Local\Programs\Python\Python38\Scripts\;C:\Users\dead inside\AppData\Local\Programs\Python\Python38\;C:\Users\dead inside\AppData\Local\Programs\Python\Python38-32\Scripts\;C:\Users\dead inside\AppData\Local\Programs\Python\Python38-32\;C:\Users\dead inside\AppData\Local\Programs\Python\Python312\Scripts\;C:\Users\dead inside\AppData\Local\Programs\Python\Python312\;C:\Users\dead inside\AppData\Local\Microsoft\WindowsApps;C:\Users\dead inside\.dotnet\tools;C:\Program Files\Azure Data Studio\bin;D:\vs code\Microsoft VS Code\bin;C:\Users\dead inside\.dotnet\tools;C:\Users\dead inside\AppData\Local\Android\Sdk\platform-tools;C:\Users\dead inside\AppData\Local\Android\Sdk\tools;C:\Users\dead inside\AppData\Local\Android\Sdk\tools\bin;C:\Users\dead inside\AppData\Local\Android\Sdk\emulator;C:\Users\dead inside\Downloads\apache-maven-3.9.11-bin\bin;C:\Users\dead inside\AppData\Roaming\npm
    [SystemRoot] => C:\Windows
    [COMSPEC] => C:\Windows\system32\cmd.exe
    [PATHEXT] => .COM;.EXE;.BAT;.CMD;.VBS;.VBE;.JS;.JSE;.WSF;.WSH;.MSC
    [WINDIR] => C:\Windows
    [SERVER_SIGNATURE] => <address>Apache/2.4.58 (Win64) OpenSSL/3.1.3 PHP/8.2.12 Server at 10.0.2.2 Port 80</address>

    [SERVER_SOFTWARE] => Apache/2.4.58 (Win64) OpenSSL/3.1.3 PHP/8.2.12
    [SERVER_NAME] => 10.0.2.2
    [SERVER_ADDR] => 127.0.0.1
    [SERVER_PORT] => 80
    [REMOTE_ADDR] => 127.0.0.1
    [DOCUMENT_ROOT] => C:/xampp/htdocs
    [REQUEST_SCHEME] => http
    [CONTEXT_PREFIX] => 
    [CONTEXT_DOCUMENT_ROOT] => C:/xampp/htdocs
    [SERVER_ADMIN] => postmaster@localhost
    [SCRIPT_FILENAME] => C:/xampp/htdocs/taskmanager_api/api/tasks.php
    [REMOTE_PORT] => 49661
    [GATEWAY_INTERFACE] => CGI/1.1
    [SERVER_PROTOCOL] => HTTP/1.1
    [REQUEST_METHOD] => GET
    [QUERY_STRING] => user_id=1
    [REQUEST_URI] => /taskmanager_api/api/tasks.php?user_id=1
    [SCRIPT_NAME] => /taskmanager_api/api/tasks.php
    [PHP_SELF] => /taskmanager_api/api/tasks.php
    [REQUEST_TIME_FLOAT] => 1765396911.1053
    [REQUEST_TIME] => 1765396911
)

[10-Dec-2025 21:01:51 Europe/Berlin] === TASKS API CALL ===
[10-Dec-2025 21:01:51 Europe/Berlin] === TASKS API CALL ===
[10-Dec-2025 21:01:51 Europe/Berlin] Method: GET
[10-Dec-2025 21:01:51 Europe/Berlin] Method: GET
[10-Dec-2025 21:01:51 Europe/Berlin] Time: 2025-12-10 21:01:51
[10-Dec-2025 21:01:51 Europe/Berlin] Time: 2025-12-10 21:01:51
[10-Dec-2025 21:01:51 Europe/Berlin] GET params: Array
(
    [user_id] => 1
)

[10-Dec-2025 21:01:51 Europe/Berlin] GET params: Array
(
    [user_id] => 1
)

[10-Dec-2025 21:01:51 Europe/Berlin] Request body: 
[10-Dec-2025 21:01:51 Europe/Berlin] Request body: 
[10-Dec-2025 21:01:51 Europe/Berlin] Database connection successful to taskmanager
[10-Dec-2025 21:01:51 Europe/Berlin] Database connection successful to taskmanager
[10-Dec-2025 21:01:51 Europe/Berlin] Getting tasks for user_id: 1
[10-Dec-2025 21:01:51 Europe/Berlin] Getting tasks for user_id: 1
[10-Dec-2025 21:01:51 Europe/Berlin] Found 2 tasks for user 1
[10-Dec-2025 21:01:51 Europe/Berlin] Found 2 tasks for user 1
[10-Dec-2025 21:01:51 Europe/Berlin] === TASKS API CALL END ===

[10-Dec-2025 21:01:51 Europe/Berlin] === TASKS API CALL END ===

[11-Dec-2025 22:17:34 Europe/Berlin] === TASKS.PHP START ===
[11-Dec-2025 22:17:34 Europe/Berlin] Time: 2025-12-11 22:17:34
[11-Dec-2025 22:17:34 Europe/Berlin] GET: Array
(
    [user_id] => 1
)

[11-Dec-2025 22:17:34 Europe/Berlin] SERVER: Array
(
    [MIBDIRS] => C:/xampp/php/extras/mibs
    [MYSQL_HOME] => \xampp\mysql\bin
    [OPENSSL_CONF] => C:/xampp/apache/bin/openssl.cnf
    [PHP_PEAR_SYSCONF_DIR] => \xampp\php
    [PHPRC] => \xampp\php
    [TMP] => \xampp\tmp
    [HTTP_HOST] => 10.0.2.2
    [HTTP_CONNECTION] => Keep-Alive
    [HTTP_ACCEPT_ENCODING] => gzip
    [HTTP_USER_AGENT] => okhttp/4.10.0
    [PATH] => C:\Program Files\NVIDIA\CUDNN\v9.5\bin;C:\Program Files\NVIDIA GPU Computing Toolkit\CUDA\v12.1\bin;C:\Program Files\NVIDIA GPU Computing Toolkit\CUDA\v12.1\libnvvp;C:\Program Files\Microsoft MPI\Bin\;C:\Program Files\Microsoft\jdk-11.0.16.101-hotspot\bin;C:\Program Files\dotnet\;C:\ProgramData\Oracle\Java\javapath;C:\Windows\system32;C:\Windows;C:\Windows\System32\Wbem;C:\Windows\System32\WindowsPowerShell\v1.0\;C:\Windows\System32\OpenSSH\;C:\Program Files\NVIDIA Corporation\NVIDIA NvDLISR;C:\Program Files (x86)\NVIDIA Corporation\PhysX\Common;C:\Program Files\Microsoft SQL Server\Client SDK\ODBC\170\Tools\Binn\;C:\Users\dead inside\Documents\is lab 7\bin;C:\Users\dead inside\Downloads\apache-maven-3.9.11-bin\bin;C:\Program Files\NVIDIA Corporation\Nsight Compute 2023.1.1\;C:\Program Files\Git\cmd;D:\nodejs\;C:\Program Files\Docker\Docker\resources\bin;C:\Users\dead inside\.cargo\bin;C:\Users\dead inside\AppData\Local\Programs\Python\Python38\Scripts\;C:\Users\dead inside\AppData\Local\Programs\Python\Python38\;C:\Users\dead inside\AppData\Local\Programs\Python\Python38-32\Scripts\;C:\Users\dead inside\AppData\Local\Programs\Python\Python38-32\;C:\Users\dead inside\AppData\Local\Programs\Python\Python312\Scripts\;C:\Users\dead inside\AppData\Local\Programs\Python\Python312\;C:\Users\dead inside\AppData\Local\Microsoft\WindowsApps;C:\Users\dead inside\.dotnet\tools;C:\Program Files\Azure Data Studio\bin;D:\vs code\Microsoft VS Code\bin;C:\Users\dead inside\.dotnet\tools;C:\Users\dead inside\AppData\Local\Android\Sdk\platform-tools;C:\Users\dead inside\AppData\Local\Android\Sdk\tools;C:\Users\dead inside\AppData\Local\Android\Sdk\tools\bin;C:\Users\dead inside\AppData\Local\Android\Sdk\emulator;C:\Users\dead inside\Downloads\apache-maven-3.9.11-bin\bin;C:\Users\dead inside\AppData\Roaming\npm
    [SystemRoot] => C:\Windows
    [COMSPEC] => C:\Windows\system32\cmd.exe
    [PATHEXT] => .COM;.EXE;.BAT;.CMD;.VBS;.VBE;.JS;.JSE;.WSF;.WSH;.MSC
    [WINDIR] => C:\Windows
    [SERVER_SIGNATURE] => <address>Apache/2.4.58 (Win64) OpenSSL/3.1.3 PHP/8.2.12 Server at 10.0.2.2 Port 80</address>

    [SERVER_SOFTWARE] => Apache/2.4.58 (Win64) OpenSSL/3.1.3 PHP/8.2.12
    [SERVER_NAME] => 10.0.2.2
    [SERVER_ADDR] => 127.0.0.1
    [SERVER_PORT] => 80
    [REMOTE_ADDR] => 127.0.0.1
    [DOCUMENT_ROOT] => C:/xampp/htdocs
    [REQUEST_SCHEME] => http
    [CONTEXT_PREFIX] => 
    [CONTEXT_DOCUMENT_ROOT] => C:/xampp/htdocs
    [SERVER_ADMIN] => postmaster@localhost
    [SCRIPT_FILENAME] => C:/xampp/htdocs/taskmanager_api/api/tasks.php
    [REMOTE_PORT] => 53518
    [GATEWAY_INTERFACE] => CGI/1.1
    [SERVER_PROTOCOL] => HTTP/1.1
    [REQUEST_METHOD] => GET
    [QUERY_STRING] => user_id=1
    [REQUEST_URI] => /taskmanager_api/api/tasks.php?user_id=1
    [SCRIPT_NAME] => /taskmanager_api/api/tasks.php
    [PHP_SELF] => /taskmanager_api/api/tasks.php
    [REQUEST_TIME_FLOAT] => 1765487854.3458
    [REQUEST_TIME] => 1765487854
)

[11-Dec-2025 22:17:34 Europe/Berlin] === TASKS API CALL ===
[11-Dec-2025 22:17:34 Europe/Berlin] Method: GET
[11-Dec-2025 22:17:34 Europe/Berlin] Time: 2025-12-11 22:17:34
[11-Dec-2025 22:17:34 Europe/Berlin] GET params: Array
(
    [user_id] => 1
)

[11-Dec-2025 22:17:34 Europe/Berlin] Request body: 
[11-Dec-2025 22:17:34 Europe/Berlin] Database connection successful to taskmanager
[11-Dec-2025 22:17:34 Europe/Berlin] Getting tasks for user_id: 1
[11-Dec-2025 22:17:34 Europe/Berlin] Found 2 tasks for user 1
[11-Dec-2025 22:17:34 Europe/Berlin] === TASKS API CALL END ===

[11-Dec-2025 22:17:35 Europe/Berlin] === TASKS.PHP START ===
[11-Dec-2025 22:17:35 Europe/Berlin] Time: 2025-12-11 22:17:35
[11-Dec-2025 22:17:35 Europe/Berlin] GET: Array
(
    [user_id] => 1
)

[11-Dec-2025 22:17:35 Europe/Berlin] SERVER: Array
(
    [MIBDIRS] => C:/xampp/php/extras/mibs
    [MYSQL_HOME] => \xampp\mysql\bin
    [OPENSSL_CONF] => C:/xampp/apache/bin/openssl.cnf
    [PHP_PEAR_SYSCONF_DIR] => \xampp\php
    [PHPRC] => \xampp\php
    [TMP] => \xampp\tmp
    [HTTP_HOST] => 10.0.2.2
    [HTTP_CONNECTION] => Keep-Alive
    [HTTP_ACCEPT_ENCODING] => gzip
    [HTTP_USER_AGENT] => okhttp/4.10.0
    [PATH] => C:\Program Files\NVIDIA\CUDNN\v9.5\bin;C:\Program Files\NVIDIA GPU Computing Toolkit\CUDA\v12.1\bin;C:\Program Files\NVIDIA GPU Computing Toolkit\CUDA\v12.1\libnvvp;C:\Program Files\Microsoft MPI\Bin\;C:\Program Files\Microsoft\jdk-11.0.16.101-hotspot\bin;C:\Program Files\dotnet\;C:\ProgramData\Oracle\Java\javapath;C:\Windows\system32;C:\Windows;C:\Windows\System32\Wbem;C:\Windows\System32\WindowsPowerShell\v1.0\;C:\Windows\System32\OpenSSH\;C:\Program Files\NVIDIA Corporation\NVIDIA NvDLISR;C:\Program Files (x86)\NVIDIA Corporation\PhysX\Common;C:\Program Files\Microsoft SQL Server\Client SDK\ODBC\170\Tools\Binn\;C:\Users\dead inside\Documents\is lab 7\bin;C:\Users\dead inside\Downloads\apache-maven-3.9.11-bin\bin;C:\Program Files\NVIDIA Corporation\Nsight Compute 2023.1.1\;C:\Program Files\Git\cmd;D:\nodejs\;C:\Program Files\Docker\Docker\resources\bin;C:\Users\dead inside\.cargo\bin;C:\Users\dead inside\AppData\Local\Programs\Python\Python38\Scripts\;C:\Users\dead inside\AppData\Local\Programs\Python\Python38\;C:\Users\dead inside\AppData\Local\Programs\Python\Python38-32\Scripts\;C:\Users\dead inside\AppData\Local\Programs\Python\Python38-32\;C:\Users\dead inside\AppData\Local\Programs\Python\Python312\Scripts\;C:\Users\dead inside\AppData\Local\Programs\Python\Python312\;C:\Users\dead inside\AppData\Local\Microsoft\WindowsApps;C:\Users\dead inside\.dotnet\tools;C:\Program Files\Azure Data Studio\bin;D:\vs code\Microsoft VS Code\bin;C:\Users\dead inside\.dotnet\tools;C:\Users\dead inside\AppData\Local\Android\Sdk\platform-tools;C:\Users\dead inside\AppData\Local\Android\Sdk\tools;C:\Users\dead inside\AppData\Local\Android\Sdk\tools\bin;C:\Users\dead inside\AppData\Local\Android\Sdk\emulator;C:\Users\dead inside\Downloads\apache-maven-3.9.11-bin\bin;C:\Users\dead inside\AppData\Roaming\npm
    [SystemRoot] => C:\Windows
    [COMSPEC] => C:\Windows\system32\cmd.exe
    [PATHEXT] => .COM;.EXE;.BAT;.CMD;.VBS;.VBE;.JS;.JSE;.WSF;.WSH;.MSC
    [WINDIR] => C:\Windows
    [SERVER_SIGNATURE] => <address>Apache/2.4.58 (Win64) OpenSSL/3.1.3 PHP/8.2.12 Server at 10.0.2.2 Port 80</address>

    [SERVER_SOFTWARE] => Apache/2.4.58 (Win64) OpenSSL/3.1.3 PHP/8.2.12
    [SERVER_NAME] => 10.0.2.2
    [SERVER_ADDR] => 127.0.0.1
    [SERVER_PORT] => 80
    [REMOTE_ADDR] => 127.0.0.1
    [DOCUMENT_ROOT] => C:/xampp/htdocs
    [REQUEST_SCHEME] => http
    [CONTEXT_PREFIX] => 
    [CONTEXT_DOCUMENT_ROOT] => C:/xampp/htdocs
    [SERVER_ADMIN] => postmaster@localhost
    [SCRIPT_FILENAME] => C:/xampp/htdocs/taskmanager_api/api/tasks.php
    [REMOTE_PORT] => 53518
    [GATEWAY_INTERFACE] => CGI/1.1
    [SERVER_PROTOCOL] => HTTP/1.1
    [REQUEST_METHOD] => GET
    [QUERY_STRING] => user_id=1
    [REQUEST_URI] => /taskmanager_api/api/tasks.php?user_id=1
    [SCRIPT_NAME] => /taskmanager_api/api/tasks.php
    [PHP_SELF] => /taskmanager_api/api/tasks.php
    [REQUEST_TIME_FLOAT] => 1765487855.9375
    [REQUEST_TIME] => 1765487855
)

[11-Dec-2025 22:17:35 Europe/Berlin] === TASKS API CALL ===
[11-Dec-2025 22:17:35 Europe/Berlin] Method: GET
[11-Dec-2025 22:17:35 Europe/Berlin] Time: 2025-12-11 22:17:35
[11-Dec-2025 22:17:35 Europe/Berlin] GET params: Array
(
    [user_id] => 1
)

[11-Dec-2025 22:17:35 Europe/Berlin] Request body: 
[11-Dec-2025 22:17:35 Europe/Berlin] === TASKS.PHP START ===
[11-Dec-2025 22:17:35 Europe/Berlin] Time: 2025-12-11 22:17:35
[11-Dec-2025 22:17:35 Europe/Berlin] GET: Array
(
    [user_id] => 1
)

[11-Dec-2025 22:17:35 Europe/Berlin] SERVER: Array
(
    [MIBDIRS] => C:/xampp/php/extras/mibs
    [MYSQL_HOME] => \xampp\mysql\bin
    [OPENSSL_CONF] => C:/xampp/apache/bin/openssl.cnf
    [PHP_PEAR_SYSCONF_DIR] => \xampp\php
    [PHPRC] => \xampp\php
    [TMP] => \xampp\tmp
    [HTTP_HOST] => 10.0.2.2
    [HTTP_CONNECTION] => Keep-Alive
    [HTTP_ACCEPT_ENCODING] => gzip
    [HTTP_USER_AGENT] => okhttp/4.10.0
    [PATH] => C:\Program Files\NVIDIA\CUDNN\v9.5\bin;C:\Program Files\NVIDIA GPU Computing Toolkit\CUDA\v12.1\bin;C:\Program Files\NVIDIA GPU Computing Toolkit\CUDA\v12.1\libnvvp;C:\Program Files\Microsoft MPI\Bin\;C:\Program Files\Microsoft\jdk-11.0.16.101-hotspot\bin;C:\Program Files\dotnet\;C:\ProgramData\Oracle\Java\javapath;C:\Windows\system32;C:\Windows;C:\Windows\System32\Wbem;C:\Windows\System32\WindowsPowerShell\v1.0\;C:\Windows\System32\OpenSSH\;C:\Program Files\NVIDIA Corporation\NVIDIA NvDLISR;C:\Program Files (x86)\NVIDIA Corporation\PhysX\Common;C:\Program Files\Microsoft SQL Server\Client SDK\ODBC\170\Tools\Binn\;C:\Users\dead inside\Documents\is lab 7\bin;C:\Users\dead inside\Downloads\apache-maven-3.9.11-bin\bin;C:\Program Files\NVIDIA Corporation\Nsight Compute 2023.1.1\;C:\Program Files\Git\cmd;D:\nodejs\;C:\Program Files\Docker\Docker\resources\bin;C:\Users\dead inside\.cargo\bin;C:\Users\dead inside\AppData\Local\Programs\Python\Python38\Scripts\;C:\Users\dead inside\AppData\Local\Programs\Python\Python38\;C:\Users\dead inside\AppData\Local\Programs\Python\Python38-32\Scripts\;C:\Users\dead inside\AppData\Local\Programs\Python\Python38-32\;C:\Users\dead inside\AppData\Local\Programs\Python\Python312\Scripts\;C:\Users\dead inside\AppData\Local\Programs\Python\Python312\;C:\Users\dead inside\AppData\Local\Microsoft\WindowsApps;C:\Users\dead inside\.dotnet\tools;C:\Program Files\Azure Data Studio\bin;D:\vs code\Microsoft VS Code\bin;C:\Users\dead inside\.dotnet\tools;C:\Users\dead inside\AppData\Local\Android\Sdk\platform-tools;C:\Users\dead inside\AppData\Local\Android\Sdk\tools;C:\Users\dead inside\AppData\Local\Android\Sdk\tools\bin;C:\Users\dead inside\AppData\Local\Android\Sdk\emulator;C:\Users\dead inside\Downloads\apache-maven-3.9.11-bin\bin;C:\Users\dead inside\AppData\Roaming\npm
    [SystemRoot] => C:\Windows
    [COMSPEC] => C:\Windows\system32\cmd.exe
    [PATHEXT] => .COM;.EXE;.BAT;.CMD;.VBS;.VBE;.JS;.JSE;.WSF;.WSH;.MSC
    [WINDIR] => C:\Windows
    [SERVER_SIGNATURE] => <address>Apache/2.4.58 (Win64) OpenSSL/3.1.3 PHP/8.2.12 Server at 10.0.2.2 Port 80</address>

    [SERVER_SOFTWARE] => Apache/2.4.58 (Win64) OpenSSL/3.1.3 PHP/8.2.12
    [SERVER_NAME] => 10.0.2.2
    [SERVER_ADDR] => 127.0.0.1
    [SERVER_PORT] => 80
    [REMOTE_ADDR] => 127.0.0.1
    [DOCUMENT_ROOT] => C:/xampp/htdocs
    [REQUEST_SCHEME] => http
    [CONTEXT_PREFIX] => 
    [CONTEXT_DOCUMENT_ROOT] => C:/xampp/htdocs
    [SERVER_ADMIN] => postmaster@localhost
    [SCRIPT_FILENAME] => C:/xampp/htdocs/taskmanager_api/api/tasks.php
    [REMOTE_PORT] => 53520
    [GATEWAY_INTERFACE] => CGI/1.1
    [SERVER_PROTOCOL] => HTTP/1.1
    [REQUEST_METHOD] => GET
    [QUERY_STRING] => user_id=1
    [REQUEST_URI] => /taskmanager_api/api/tasks.php?user_id=1
    [SCRIPT_NAME] => /taskmanager_api/api/tasks.php
    [PHP_SELF] => /taskmanager_api/api/tasks.php
    [REQUEST_TIME_FLOAT] => 1765487855.943
    [REQUEST_TIME] => 1765487855
)

[11-Dec-2025 22:17:35 Europe/Berlin] === TASKS API CALL ===
[11-Dec-2025 22:17:35 Europe/Berlin] Method: GET
[11-Dec-2025 22:17:35 Europe/Berlin] Time: 2025-12-11 22:17:35
[11-Dec-2025 22:17:35 Europe/Berlin] GET params: Array
(
    [user_id] => 1
)

[11-Dec-2025 22:17:35 Europe/Berlin] Request body: 
[11-Dec-2025 22:17:35 Europe/Berlin] Database connection successful to taskmanager
[11-Dec-2025 22:17:35 Europe/Berlin] Getting tasks for user_id: 1
[11-Dec-2025 22:17:35 Europe/Berlin] Found 2 tasks for user 1
[11-Dec-2025 22:17:35 Europe/Berlin] === TASKS API CALL END ===

[11-Dec-2025 22:17:35 Europe/Berlin] Database connection successful to taskmanager
[11-Dec-2025 22:17:35 Europe/Berlin] Getting tasks for user_id: 1
[11-Dec-2025 22:17:35 Europe/Berlin] Found 2 tasks for user 1
[11-Dec-2025 22:17:35 Europe/Berlin] === TASKS API CALL END ===

